15:20:34 **** ビルド of configuration Debug for project server ****
make all 
Building file: ../src/OBB.cpp
Invoking: Cross G++ Compiler
g++ -O0 -g3 -Wall -c -fmessage-length=0 -MMD -MP -MF"src/OBB.d" -MT"src/OBB.o" -o "src/OBB.o" "../src/OBB.cpp"
Finished building: ../src/OBB.cpp
 
Building file: ../src/bullet.cpp
Invoking: Cross G++ Compiler
g++ -O0 -g3 -Wall -c -fmessage-length=0 -MMD -MP -MF"src/bullet.d" -MT"src/bullet.o" -o "src/bullet.o" "../src/bullet.cpp"
Finished building: ../src/bullet.cpp
 
Building file: ../src/checkObjectHit.cpp
Invoking: Cross G++ Compiler
g++ -O0 -g3 -Wall -c -fmessage-length=0 -MMD -MP -MF"src/checkObjectHit.d" -MT"src/checkObjectHit.o" -o "src/checkObjectHit.o" "../src/checkObjectHit.cpp"
Finished building: ../src/checkObjectHit.cpp
 
Building file: ../src/fps.cpp
Invoking: Cross G++ Compiler
g++ -O0 -g3 -Wall -c -fmessage-length=0 -MMD -MP -MF"src/fps.d" -MT"src/fps.o" -o "src/fps.o" "../src/fps.cpp"
Finished building: ../src/fps.cpp
 
Building file: ../src/get_data.cpp
Invoking: Cross G++ Compiler
g++ -O0 -g3 -Wall -c -fmessage-length=0 -MMD -MP -MF"src/get_data.d" -MT"src/get_data.o" -o "src/get_data.o" "../src/get_data.cpp"
../src/get_data.cpp:15:14: 警告: ‘player_minushp’ が定義されましたが使用されません [-Wunused-variable]
Finished building: ../src/get_data.cpp
 
Building file: ../src/glm.cpp
Invoking: Cross G++ Compiler
g++ -O0 -g3 -Wall -c -fmessage-length=0 -MMD -MP -MF"src/glm.d" -MT"src/glm.o" -o "src/glm.o" "../src/glm.cpp"
Finished building: ../src/glm.cpp
 
Building file: ../src/map.cpp
Invoking: Cross G++ Compiler
g++ -O0 -g3 -Wall -c -fmessage-length=0 -MMD -MP -MF"src/map.d" -MT"src/map.o" -o "src/map.o" "../src/map.cpp"
Finished building: ../src/map.cpp
 
Building file: ../src/mob.cpp
Invoking: Cross G++ Compiler
g++ -O0 -g3 -Wall -c -fmessage-length=0 -MMD -MP -MF"src/mob.d" -MT"src/mob.o" -o "src/mob.o" "../src/mob.cpp"
Finished building: ../src/mob.cpp
 
Building file: ../src/object.cpp
Invoking: Cross G++ Compiler
g++ -O0 -g3 -Wall -c -fmessage-length=0 -MMD -MP -MF"src/object.d" -MT"src/object.o" -o "src/object.o" "../src/object.cpp"
../src/object.cpp:17:16: 警告: ‘lightpos’ が定義されましたが使用されません [-Wunused-variable]
../src/object.cpp:18:16: 警告: ‘lightDiffuse’ が定義されましたが使用されません [-Wunused-variable]
../src/object.cpp:19:16: 警告: ‘lightAmbient’ が定義されましたが使用されません [-Wunused-variable]
../src/object.cpp:20:16: 警告: ‘lightSpecular’ が定義されましたが使用されません [-Wunused-variable]
Finished building: ../src/object.cpp
 
Building file: ../src/server.cpp
Invoking: Cross G++ Compiler
g++ -O0 -g3 -Wall -c -fmessage-length=0 -MMD -MP -MF"src/server.d" -MT"src/server.o" -o "src/server.o" "../src/server.cpp"
Finished building: ../src/server.cpp
 
Building file: ../src/server_main.cpp
Invoking: Cross G++ Compiler
g++ -O0 -g3 -Wall -c -fmessage-length=0 -MMD -MP -MF"src/server_main.d" -MT"src/server_main.o" -o "src/server_main.o" "../src/server_main.cpp"
Finished building: ../src/server_main.cpp
 
Building target: server
Invoking: Cross G++ Linker
g++ -Lusr/lib -o "server"  ./src/OBB.o ./src/bullet.o ./src/checkObjectHit.o ./src/fps.o ./src/get_data.o ./src/glm.o ./src/map.o ./src/mob.o ./src/object.o ./src/server.o ./src/server_main.o   -lSDL -lpng -lz -lSDL_ttf -lGLU -lglut -lGL -lSDL_image -lSDL_mixer
Finished building target: server
 
15:20:40 **** インクリメンタル・ビルド of configuration Debug for project server ****
make all 
make: `all' に対して行うべき事はありません.
15:21:17 **** インクリメンタル・ビルド of configuration Debug for project server ****
make all 
Building file: ../src/bullet.cpp
Invoking: Cross G++ Compiler
g++ -O0 -g3 -Wall -c -fmessage-length=0 -MMD -MP -MF"src/bullet.d" -MT"src/bullet.o" -o "src/bullet.o" "../src/bullet.cpp"
Finished building: ../src/bullet.cpp
 
Building file: ../src/checkObjectHit.cpp
Invoking: Cross G++ Compiler
g++ -O0 -g3 -Wall -c -fmessage-length=0 -MMD -MP -MF"src/checkObjectHit.d" -MT"src/checkObjectHit.o" -o "src/checkObjectHit.o" "../src/checkObjectHit.cpp"
Finished building: ../src/checkObjectHit.cpp
 
Building file: ../src/get_data.cpp
Invoking: Cross G++ Compiler
g++ -O0 -g3 -Wall -c -fmessage-length=0 -MMD -MP -MF"src/get_data.d" -MT"src/get_data.o" -o "src/get_data.o" "../src/get_data.cpp"
../src/get_data.cpp:15:14: 警告: ‘player_minushp’ が定義されましたが使用されません [-Wunused-variable]
Finished building: ../src/get_data.cpp
 
Building file: ../src/map.cpp
Invoking: Cross G++ Compiler
g++ -O0 -g3 -Wall -c -fmessage-length=0 -MMD -MP -MF"src/map.d" -MT"src/map.o" -o "src/map.o" "../src/map.cpp"
Finished building: ../src/map.cpp
 
Building file: ../src/mob.cpp
Invoking: Cross G++ Compiler
g++ -O0 -g3 -Wall -c -fmessage-length=0 -MMD -MP -MF"src/mob.d" -MT"src/mob.o" -o "src/mob.o" "../src/mob.cpp"
Finished building: ../src/mob.cpp
 
Building file: ../src/object.cpp
Invoking: Cross G++ Compiler
g++ -O0 -g3 -Wall -c -fmessage-length=0 -MMD -MP -MF"src/object.d" -MT"src/object.o" -o "src/object.o" "../src/object.cpp"
../src/object.cpp:17:16: 警告: ‘lightpos’ が定義されましたが使用されません [-Wunused-variable]
../src/object.cpp:18:16: 警告: ‘lightDiffuse’ が定義されましたが使用されません [-Wunused-variable]
../src/object.cpp:19:16: 警告: ‘lightAmbient’ が定義されましたが使用されません [-Wunused-variable]
../src/object.cpp:20:16: 警告: ‘lightSpecular’ が定義されましたが使用されません [-Wunused-variable]
Finished building: ../src/object.cpp
 
Building file: ../src/server.cpp
Invoking: Cross G++ Compiler
g++ -O0 -g3 -Wall -c -fmessage-length=0 -MMD -MP -MF"src/server.d" -MT"src/server.o" -o "src/server.o" "../src/server.cpp"
Finished building: ../src/server.cpp
 
Building file: ../src/server_main.cpp
Invoking: Cross G++ Compiler
g++ -O0 -g3 -Wall -c -fmessage-length=0 -MMD -MP -MF"src/server_main.d" -MT"src/server_main.o" -o "src/server_main.o" "../src/server_main.cpp"
Finished building: ../src/server_main.cpp
 
Building target: server
Invoking: Cross G++ Linker
g++ -Lusr/lib -o "server"  ./src/OBB.o ./src/bullet.o ./src/checkObjectHit.o ./src/fps.o ./src/get_data.o ./src/glm.o ./src/map.o ./src/mob.o ./src/object.o ./src/server.o ./src/server_main.o   -lSDL -lpng -lz -lSDL_ttf -lGLU -lglut -lGL -lSDL_image -lSDL_mixer
Finished building target: server
 
15:21:22 **** インクリメンタル・ビルド of configuration Debug for project server ****
make all 
Building file: ../src/bullet.cpp
Invoking: Cross G++ Compiler
g++ -O0 -g3 -Wall -c -fmessage-length=0 -MMD -MP -MF"src/bullet.d" -MT"src/bullet.o" -o "src/bullet.o" "../src/bullet.cpp"
Finished building: ../src/bullet.cpp
 
Building file: ../src/checkObjectHit.cpp
Invoking: Cross G++ Compiler
g++ -O0 -g3 -Wall -c -fmessage-length=0 -MMD -MP -MF"src/checkObjectHit.d" -MT"src/checkObjectHit.o" -o "src/checkObjectHit.o" "../src/checkObjectHit.cpp"
Finished building: ../src/checkObjectHit.cpp
 
Building file: ../src/get_data.cpp
Invoking: Cross G++ Compiler
g++ -O0 -g3 -Wall -c -fmessage-length=0 -MMD -MP -MF"src/get_data.d" -MT"src/get_data.o" -o "src/get_data.o" "../src/get_data.cpp"
../src/get_data.cpp:15:14: 警告: ‘player_minushp’ が定義されましたが使用されません [-Wunused-variable]
Finished building: ../src/get_data.cpp
 
Building file: ../src/map.cpp
Invoking: Cross G++ Compiler
g++ -O0 -g3 -Wall -c -fmessage-length=0 -MMD -MP -MF"src/map.d" -MT"src/map.o" -o "src/map.o" "../src/map.cpp"
Finished building: ../src/map.cpp
 
Building file: ../src/mob.cpp
Invoking: Cross G++ Compiler
g++ -O0 -g3 -Wall -c -fmessage-length=0 -MMD -MP -MF"src/mob.d" -MT"src/mob.o" -o "src/mob.o" "../src/mob.cpp"
Finished building: ../src/mob.cpp
 
Building file: ../src/object.cpp
Invoking: Cross G++ Compiler
g++ -O0 -g3 -Wall -c -fmessage-length=0 -MMD -MP -MF"src/object.d" -MT"src/object.o" -o "src/object.o" "../src/object.cpp"
../src/object.cpp:17:16: 警告: ‘lightpos’ が定義されましたが使用されません [-Wunused-variable]
../src/object.cpp:18:16: 警告: ‘lightDiffuse’ が定義されましたが使用されません [-Wunused-variable]
../src/object.cpp:19:16: 警告: ‘lightAmbient’ が定義されましたが使用されません [-Wunused-variable]
../src/object.cpp:20:16: 警告: ‘lightSpecular’ が定義されましたが使用されません [-Wunused-variable]
Finished building: ../src/object.cpp
 
Building file: ../src/server.cpp
Invoking: Cross G++ Compiler
g++ -O0 -g3 -Wall -c -fmessage-length=0 -MMD -MP -MF"src/server.d" -MT"src/server.o" -o "src/server.o" "../src/server.cpp"
Finished building: ../src/server.cpp
 
Building file: ../src/server_main.cpp
Invoking: Cross G++ Compiler
g++ -O0 -g3 -Wall -c -fmessage-length=0 -MMD -MP -MF"src/server_main.d" -MT"src/server_main.o" -o "src/server_main.o" "../src/server_main.cpp"
Finished building: ../src/server_main.cpp
 
Building target: server
Invoking: Cross G++ Linker
g++ -Lusr/lib -o "server"  ./src/OBB.o ./src/bullet.o ./src/checkObjectHit.o ./src/fps.o ./src/get_data.o ./src/glm.o ./src/map.o ./src/mob.o ./src/object.o ./src/server.o ./src/server_main.o   -lSDL -lpng -lz -lSDL_ttf -lGLU -lglut -lGL -lSDL_image -lSDL_mixer
Finished building target: server
 
15:21:28 **** インクリメンタル・ビルド of configuration Debug for project server ****
make all 
make: `all' に対して行うべき事はありません.
15:21:34 **** インクリメンタル・ビルド of configuration Debug for project server ****
make all 
Building file: ../src/map.cpp
Invoking: Cross G++ Compiler
g++ -O0 -g3 -Wall -c -fmessage-length=0 -MMD -MP -MF"src/map.d" -MT"src/map.o" -o "src/map.o" "../src/map.cpp"
Finished building: ../src/map.cpp
 
Building target: server
Invoking: Cross G++ Linker
g++ -Lusr/lib -o "server"  ./src/OBB.o ./src/bullet.o ./src/checkObjectHit.o ./src/fps.o ./src/get_data.o ./src/glm.o ./src/map.o ./src/mob.o ./src/object.o ./src/server.o ./src/server_main.o   -lSDL -lpng -lz -lSDL_ttf -lGLU -lglut -lGL -lSDL_image -lSDL_mixer
Finished building target: server
 
15:22:05 **** インクリメンタル・ビルド of configuration Debug for project server ****
make all 
Building file: ../src/map.cpp
Invoking: Cross G++ Compiler
g++ -O0 -g3 -Wall -c -fmessage-length=0 -MMD -MP -MF"src/map.d" -MT"src/map.o" -o "src/map.o" "../src/map.cpp"
Finished building: ../src/map.cpp
 
Building target: server
Invoking: Cross G++ Linker
g++ -Lusr/lib -o "server"  ./src/OBB.o ./src/bullet.o ./src/checkObjectHit.o ./src/fps.o ./src/get_data.o ./src/glm.o ./src/map.o ./src/mob.o ./src/object.o ./src/server.o ./src/server_main.o   -lSDL -lpng -lz -lSDL_ttf -lGLU -lglut -lGL -lSDL_image -lSDL_mixer
Finished building target: server
 
15:22:09 **** インクリメンタル・ビルド of configuration Debug for project server ****
make all 
Building file: ../src/map.cpp
Invoking: Cross G++ Compiler
g++ -O0 -g3 -Wall -c -fmessage-length=0 -MMD -MP -MF"src/map.d" -MT"src/map.o" -o "src/map.o" "../src/map.cpp"
Finished building: ../src/map.cpp
 
Building target: server
Invoking: Cross G++ Linker
g++ -Lusr/lib -o "server"  ./src/OBB.o ./src/bullet.o ./src/checkObjectHit.o ./src/fps.o ./src/get_data.o ./src/glm.o ./src/map.o ./src/mob.o ./src/object.o ./src/server.o ./src/server_main.o   -lSDL -lpng -lz -lSDL_ttf -lGLU -lglut -lGL -lSDL_image -lSDL_mixer
./src/map.o: In function `map::Initialize()':
/usrhome/IS15/c501506022/server/server/Debug/../src/map.cpp:371: undefined reference to `map::set_Base(Team, int)'
/usrhome/IS15/c501506022/server/server/Debug/../src/map.cpp:372: undefined reference to `map::set_Base(Team, int)'
collect2: ld はステータス 1 で終了しました
make: *** [server] エラー 1
15:22:16 **** インクリメンタル・ビルド of configuration Debug for project server ****
make all 
Building file: ../src/map.cpp
Invoking: Cross G++ Compiler
g++ -O0 -g3 -Wall -c -fmessage-length=0 -MMD -MP -MF"src/map.d" -MT"src/map.o" -o "src/map.o" "../src/map.cpp"
Finished building: ../src/map.cpp
 
Building target: server
Invoking: Cross G++ Linker
g++ -Lusr/lib -o "server"  ./src/OBB.o ./src/bullet.o ./src/checkObjectHit.o ./src/fps.o ./src/get_data.o ./src/glm.o ./src/map.o ./src/mob.o ./src/object.o ./src/server.o ./src/server_main.o   -lSDL -lpng -lz -lSDL_ttf -lGLU -lglut -lGL -lSDL_image -lSDL_mixer
Finished building target: server
 
15:22:21 **** インクリメンタル・ビルド of configuration Debug for project server ****
make all 
make: `all' に対して行うべき事はありません.
15:22:22 **** インクリメンタル・ビルド of configuration Debug for project server ****
make all 
make: `all' に対して行うべき事はありません.
15:34:35 **** インクリメンタル・ビルド of configuration Debug for project server ****
make all 
make: `all' に対して行うべき事はありません.
15:35:27 **** インクリメンタル・ビルド of configuration Debug for project server ****
make all 
Building file: ../src/map.cpp
Invoking: Cross G++ Compiler
g++ -O0 -g3 -Wall -c -fmessage-length=0 -MMD -MP -MF"src/map.d" -MT"src/map.o" -o "src/map.o" "../src/map.cpp"
Finished building: ../src/map.cpp
 
Building target: server
Invoking: Cross G++ Linker
g++ -Lusr/lib -o "server"  ./src/OBB.o ./src/bullet.o ./src/checkObjectHit.o ./src/fps.o ./src/get_data.o ./src/glm.o ./src/map.o ./src/mob.o ./src/object.o ./src/server.o ./src/server_main.o   -lSDL -lpng -lz -lSDL_ttf -lGLU -lglut -lGL -lSDL_image -lSDL_mixer
Finished building target: server
 
15:50:45 **** インクリメンタル・ビルド of configuration Debug for project server ****
make all 
make: `all' に対して行うべき事はありません.
16:03:52 **** インクリメンタル・ビルド of configuration Debug for project server ****
make all 
make: `all' に対して行うべき事はありません.
16:09:26 **** インクリメンタル・ビルド of configuration Debug for project server ****
make all 
Building file: ../src/object.cpp
Invoking: Cross G++ Compiler
g++ -O0 -g3 -Wall -c -fmessage-length=0 -MMD -MP -MF"src/object.d" -MT"src/object.o" -o "src/object.o" "../src/object.cpp"
../src/object.cpp:17:16: 警告: ‘lightpos’ が定義されましたが使用されません [-Wunused-variable]
../src/object.cpp:18:16: 警告: ‘lightDiffuse’ が定義されましたが使用されません [-Wunused-variable]
../src/object.cpp:19:16: 警告: ‘lightAmbient’ が定義されましたが使用されません [-Wunused-variable]
../src/object.cpp:20:16: 警告: ‘lightSpecular’ が定義されましたが使用されません [-Wunused-variable]
Finished building: ../src/object.cpp
 
Building target: server
Invoking: Cross G++ Linker
g++ -Lusr/lib -o "server"  ./src/OBB.o ./src/bullet.o ./src/checkObjectHit.o ./src/fps.o ./src/get_data.o ./src/glm.o ./src/map.o ./src/mob.o ./src/object.o ./src/server.o ./src/server_main.o   -lSDL -lpng -lz -lSDL_ttf -lGLU -lglut -lGL -lSDL_image -lSDL_mixer
Finished building target: server
 
16:10:09 **** インクリメンタル・ビルド of configuration Debug for project server ****
make all 
Building file: ../src/object.cpp
Invoking: Cross G++ Compiler
g++ -O0 -g3 -Wall -c -fmessage-length=0 -MMD -MP -MF"src/object.d" -MT"src/object.o" -o "src/object.o" "../src/object.cpp"
../src/object.cpp:17:16: 警告: ‘lightpos’ が定義されましたが使用されません [-Wunused-variable]
../src/object.cpp:18:16: 警告: ‘lightDiffuse’ が定義されましたが使用されません [-Wunused-variable]
../src/object.cpp:19:16: 警告: ‘lightAmbient’ が定義されましたが使用されません [-Wunused-variable]
../src/object.cpp:20:16: 警告: ‘lightSpecular’ が定義されましたが使用されません [-Wunused-variable]
Finished building: ../src/object.cpp
 
Building target: server
Invoking: Cross G++ Linker
g++ -Lusr/lib -o "server"  ./src/OBB.o ./src/bullet.o ./src/checkObjectHit.o ./src/fps.o ./src/get_data.o ./src/glm.o ./src/map.o ./src/mob.o ./src/object.o ./src/server.o ./src/server_main.o   -lSDL -lpng -lz -lSDL_ttf -lGLU -lglut -lGL -lSDL_image -lSDL_mixer
Finished building target: server
 
16:10:46 **** インクリメンタル・ビルド of configuration Debug for project server ****
make all 
Building file: ../src/map.cpp
Invoking: Cross G++ Compiler
g++ -O0 -g3 -Wall -c -fmessage-length=0 -MMD -MP -MF"src/map.d" -MT"src/map.o" -o "src/map.o" "../src/map.cpp"
Finished building: ../src/map.cpp
 
Building target: server
Invoking: Cross G++ Linker
g++ -Lusr/lib -o "server"  ./src/OBB.o ./src/bullet.o ./src/checkObjectHit.o ./src/fps.o ./src/get_data.o ./src/glm.o ./src/map.o ./src/mob.o ./src/object.o ./src/server.o ./src/server_main.o   -lSDL -lpng -lz -lSDL_ttf -lGLU -lglut -lGL -lSDL_image -lSDL_mixer
Finished building target: server
 
16:13:03 **** インクリメンタル・ビルド of configuration Debug for project server ****
make all 
Building file: ../src/server_main.cpp
Invoking: Cross G++ Compiler
g++ -O0 -g3 -Wall -c -fmessage-length=0 -MMD -MP -MF"src/server_main.d" -MT"src/server_main.o" -o "src/server_main.o" "../src/server_main.cpp"
Finished building: ../src/server_main.cpp
 
Building target: server
Invoking: Cross G++ Linker
g++ -Lusr/lib -o "server"  ./src/OBB.o ./src/bullet.o ./src/checkObjectHit.o ./src/fps.o ./src/get_data.o ./src/glm.o ./src/map.o ./src/mob.o ./src/object.o ./src/server.o ./src/server_main.o   -lSDL -lpng -lz -lSDL_ttf -lGLU -lglut -lGL -lSDL_image -lSDL_mixer
Finished building target: server
 
16:13:44 **** インクリメンタル・ビルド of configuration Debug for project server ****
make all 
Building file: ../src/server_main.cpp
Invoking: Cross G++ Compiler
g++ -O0 -g3 -Wall -c -fmessage-length=0 -MMD -MP -MF"src/server_main.d" -MT"src/server_main.o" -o "src/server_main.o" "../src/server_main.cpp"
Finished building: ../src/server_main.cpp
 
Building target: server
Invoking: Cross G++ Linker
g++ -Lusr/lib -o "server"  ./src/OBB.o ./src/bullet.o ./src/checkObjectHit.o ./src/fps.o ./src/get_data.o ./src/glm.o ./src/map.o ./src/mob.o ./src/object.o ./src/server.o ./src/server_main.o   -lSDL -lpng -lz -lSDL_ttf -lGLU -lglut -lGL -lSDL_image -lSDL_mixer
Finished building target: server
 
16:14:05 **** インクリメンタル・ビルド of configuration Debug for project server ****
make all 
Building file: ../src/map.cpp
Invoking: Cross G++ Compiler
g++ -O0 -g3 -Wall -c -fmessage-length=0 -MMD -MP -MF"src/map.d" -MT"src/map.o" -o "src/map.o" "../src/map.cpp"
Finished building: ../src/map.cpp
 
Building target: server
Invoking: Cross G++ Linker
g++ -Lusr/lib -o "server"  ./src/OBB.o ./src/bullet.o ./src/checkObjectHit.o ./src/fps.o ./src/get_data.o ./src/glm.o ./src/map.o ./src/mob.o ./src/object.o ./src/server.o ./src/server_main.o   -lSDL -lpng -lz -lSDL_ttf -lGLU -lglut -lGL -lSDL_image -lSDL_mixer
Finished building target: server
 
16:16:57 **** インクリメンタル・ビルド of configuration Debug for project server ****
make all 
Building file: ../src/object.cpp
Invoking: Cross G++ Compiler
g++ -O0 -g3 -Wall -c -fmessage-length=0 -MMD -MP -MF"src/object.d" -MT"src/object.o" -o "src/object.o" "../src/object.cpp"
../src/object.cpp: メンバ関数 ‘void object::move(float, float, float)’ 内:
../src/object.cpp:303:13: 警告: 使用されない変数 ‘flag’ です [-Wunused-variable]
../src/object.cpp: 大域スコープ:
../src/object.cpp:17:16: 警告: ‘lightpos’ が定義されましたが使用されません [-Wunused-variable]
../src/object.cpp:18:16: 警告: ‘lightDiffuse’ が定義されましたが使用されません [-Wunused-variable]
../src/object.cpp:19:16: 警告: ‘lightAmbient’ が定義されましたが使用されません [-Wunused-variable]
../src/object.cpp:20:16: 警告: ‘lightSpecular’ が定義されましたが使用されません [-Wunused-variable]
Finished building: ../src/object.cpp
 
Building target: server
Invoking: Cross G++ Linker
g++ -Lusr/lib -o "server"  ./src/OBB.o ./src/bullet.o ./src/checkObjectHit.o ./src/fps.o ./src/get_data.o ./src/glm.o ./src/map.o ./src/mob.o ./src/object.o ./src/server.o ./src/server_main.o   -lSDL -lpng -lz -lSDL_ttf -lGLU -lglut -lGL -lSDL_image -lSDL_mixer
Finished building target: server
 
16:23:07 **** インクリメンタル・ビルド of configuration Debug for project server ****
make all 
Building file: ../src/object.cpp
Invoking: Cross G++ Compiler
g++ -O0 -g3 -Wall -c -fmessage-length=0 -MMD -MP -MF"src/object.d" -MT"src/object.o" -o "src/object.o" "../src/object.cpp"
../src/object.cpp: メンバ関数 ‘void object::move(float, float, float)’ 内:
../src/object.cpp:303:13: 警告: 使用されない変数 ‘flag’ です [-Wunused-variable]
../src/object.cpp: メンバ関数 ‘void object::y_one_way_move(float, float, float, int)’ 内:
../src/object.cpp:488:7: 警告: 変数 ‘rad’ が設定されましたが使用されていません [-Wunused-but-set-variable]
../src/object.cpp: 大域スコープ:
../src/object.cpp:17:16: 警告: ‘lightpos’ が定義されましたが使用されません [-Wunused-variable]
../src/object.cpp:18:16: 警告: ‘lightDiffuse’ が定義されましたが使用されません [-Wunused-variable]
../src/object.cpp:19:16: 警告: ‘lightAmbient’ が定義されましたが使用されません [-Wunused-variable]
../src/object.cpp:20:16: 警告: ‘lightSpecular’ が定義されましたが使用されません [-Wunused-variable]
Finished building: ../src/object.cpp
 
Building target: server
Invoking: Cross G++ Linker
g++ -Lusr/lib -o "server"  ./src/OBB.o ./src/bullet.o ./src/checkObjectHit.o ./src/fps.o ./src/get_data.o ./src/glm.o ./src/map.o ./src/mob.o ./src/object.o ./src/server.o ./src/server_main.o   -lSDL -lpng -lz -lSDL_ttf -lGLU -lglut -lGL -lSDL_image -lSDL_mixer
Finished building target: server
 
16:23:09 **** インクリメンタル・ビルド of configuration Debug for project server ****
make all 
make: `all' に対して行うべき事はありません.
16:24:49 **** インクリメンタル・ビルド of configuration Debug for project server ****
make all 
Building file: ../src/object.cpp
Invoking: Cross G++ Compiler
g++ -O0 -g3 -Wall -c -fmessage-length=0 -MMD -MP -MF"src/object.d" -MT"src/object.o" -o "src/object.o" "../src/object.cpp"
../src/object.cpp: メンバ関数 ‘void object::move(float, float, float)’ 内:
../src/object.cpp:303:13: 警告: 使用されない変数 ‘flag’ です [-Wunused-variable]
../src/object.cpp: 大域スコープ:
../src/object.cpp:344:1: エラー: expected declaration before ‘}’ token
../src/object.cpp:17:16: 警告: ‘lightpos’ が定義されましたが使用されません [-Wunused-variable]
../src/object.cpp:18:16: 警告: ‘lightDiffuse’ が定義されましたが使用されません [-Wunused-variable]
../src/object.cpp:19:16: 警告: ‘lightAmbient’ が定義されましたが使用されません [-Wunused-variable]
../src/object.cpp:20:16: 警告: ‘lightSpecular’ が定義されましたが使用されません [-Wunused-variable]
make: *** [src/object.o] エラー 1
16:24:56 **** インクリメンタル・ビルド of configuration Debug for project server ****
make all 
Building file: ../src/object.cpp
Invoking: Cross G++ Compiler
g++ -O0 -g3 -Wall -c -fmessage-length=0 -MMD -MP -MF"src/object.d" -MT"src/object.o" -o "src/object.o" "../src/object.cpp"
../src/object.cpp: メンバ関数 ‘void object::move(float, float, float)’ 内:
../src/object.cpp:303:13: 警告: 使用されない変数 ‘flag’ です [-Wunused-variable]
../src/object.cpp: 大域スコープ:
../src/object.cpp:17:16: 警告: ‘lightpos’ が定義されましたが使用されません [-Wunused-variable]
../src/object.cpp:18:16: 警告: ‘lightDiffuse’ が定義されましたが使用されません [-Wunused-variable]
../src/object.cpp:19:16: 警告: ‘lightAmbient’ が定義されましたが使用されません [-Wunused-variable]
../src/object.cpp:20:16: 警告: ‘lightSpecular’ が定義されましたが使用されません [-Wunused-variable]
Finished building: ../src/object.cpp
 
Building target: server
Invoking: Cross G++ Linker
g++ -Lusr/lib -o "server"  ./src/OBB.o ./src/bullet.o ./src/checkObjectHit.o ./src/fps.o ./src/get_data.o ./src/glm.o ./src/map.o ./src/mob.o ./src/object.o ./src/server.o ./src/server_main.o   -lSDL -lpng -lz -lSDL_ttf -lGLU -lglut -lGL -lSDL_image -lSDL_mixer
Finished building target: server
 
16:25:40 **** インクリメンタル・ビルド of configuration Debug for project server ****
make all 
Building file: ../src/object.cpp
Invoking: Cross G++ Compiler
g++ -O0 -g3 -Wall -c -fmessage-length=0 -MMD -MP -MF"src/object.d" -MT"src/object.o" -o "src/object.o" "../src/object.cpp"
../src/object.cpp: メンバ関数 ‘void object::move(float, float, float)’ 内:
../src/object.cpp:303:13: 警告: 使用されない変数 ‘flag’ です [-Wunused-variable]
../src/object.cpp: メンバ関数 ‘void object::y_one_way_move(float, float, float, int)’ 内:
../src/object.cpp:487:7: 警告: 変数 ‘temp’ が設定されましたが使用されていません [-Wunused-but-set-variable]
../src/object.cpp:488:7: 警告: 変数 ‘rad’ が設定されましたが使用されていません [-Wunused-but-set-variable]
../src/object.cpp: 大域スコープ:
../src/object.cpp:17:16: 警告: ‘lightpos’ が定義されましたが使用されません [-Wunused-variable]
../src/object.cpp:18:16: 警告: ‘lightDiffuse’ が定義されましたが使用されません [-Wunused-variable]
../src/object.cpp:19:16: 警告: ‘lightAmbient’ が定義されましたが使用されません [-Wunused-variable]
../src/object.cpp:20:16: 警告: ‘lightSpecular’ が定義されましたが使用されません [-Wunused-variable]
Finished building: ../src/object.cpp
 
Building target: server
Invoking: Cross G++ Linker
g++ -Lusr/lib -o "server"  ./src/OBB.o ./src/bullet.o ./src/checkObjectHit.o ./src/fps.o ./src/get_data.o ./src/glm.o ./src/map.o ./src/mob.o ./src/object.o ./src/server.o ./src/server_main.o   -lSDL -lpng -lz -lSDL_ttf -lGLU -lglut -lGL -lSDL_image -lSDL_mixer
Finished building target: server
 
16:26:25 **** インクリメンタル・ビルド of configuration Debug for project server ****
make all 
Building file: ../src/object.cpp
Invoking: Cross G++ Compiler
g++ -O0 -g3 -Wall -c -fmessage-length=0 -MMD -MP -MF"src/object.d" -MT"src/object.o" -o "src/object.o" "../src/object.cpp"
../src/object.cpp: メンバ関数 ‘void object::move(float, float, float)’ 内:
../src/object.cpp:303:13: 警告: 使用されない変数 ‘flag’ です [-Wunused-variable]
../src/object.cpp: 大域スコープ:
../src/object.cpp:17:16: 警告: ‘lightpos’ が定義されましたが使用されません [-Wunused-variable]
../src/object.cpp:18:16: 警告: ‘lightDiffuse’ が定義されましたが使用されません [-Wunused-variable]
../src/object.cpp:19:16: 警告: ‘lightAmbient’ が定義されましたが使用されません [-Wunused-variable]
../src/object.cpp:20:16: 警告: ‘lightSpecular’ が定義されましたが使用されません [-Wunused-variable]
Finished building: ../src/object.cpp
 
Building target: server
Invoking: Cross G++ Linker
g++ -Lusr/lib -o "server"  ./src/OBB.o ./src/bullet.o ./src/checkObjectHit.o ./src/fps.o ./src/get_data.o ./src/glm.o ./src/map.o ./src/mob.o ./src/object.o ./src/server.o ./src/server_main.o   -lSDL -lpng -lz -lSDL_ttf -lGLU -lglut -lGL -lSDL_image -lSDL_mixer
Finished building target: server
 
16:26:40 **** インクリメンタル・ビルド of configuration Debug for project server ****
make all 
make: `all' に対して行うべき事はありません.
16:26:45 **** インクリメンタル・ビルド of configuration Debug for project server ****
make all 
Building file: ../src/map.cpp
Invoking: Cross G++ Compiler
g++ -O0 -g3 -Wall -c -fmessage-length=0 -MMD -MP -MF"src/map.d" -MT"src/map.o" -o "src/map.o" "../src/map.cpp"
Finished building: ../src/map.cpp
 
Building target: server
Invoking: Cross G++ Linker
g++ -Lusr/lib -o "server"  ./src/OBB.o ./src/bullet.o ./src/checkObjectHit.o ./src/fps.o ./src/get_data.o ./src/glm.o ./src/map.o ./src/mob.o ./src/object.o ./src/server.o ./src/server_main.o   -lSDL -lpng -lz -lSDL_ttf -lGLU -lglut -lGL -lSDL_image -lSDL_mixer
Finished building target: server
 
16:48:57 **** インクリメンタル・ビルド of configuration Debug for project server ****
make all 
make: 警告: ファイル `src/subdir.mk' の修正時刻が 0.0035 秒分未来の時刻です
Building file: ../src/get_data.cpp
Invoking: Cross G++ Compiler
g++ -O0 -g3 -Wall -c -fmessage-length=0 -MMD -MP -MF"src/get_data.d" -MT"src/get_data.o" -o "src/get_data.o" "../src/get_data.cpp"
../src/get_data.cpp:15:14: 警告: ‘player_minushp’ が定義されましたが使用されません [-Wunused-variable]
Finished building: ../src/get_data.cpp
 
Building file: ../src/server.cpp
Invoking: Cross G++ Compiler
g++ -O0 -g3 -Wall -c -fmessage-length=0 -MMD -MP -MF"src/server.d" -MT"src/server.o" -o "src/server.o" "../src/server.cpp"
Finished building: ../src/server.cpp
 
Building file: ../src/server_main.cpp
Invoking: Cross G++ Compiler
g++ -O0 -g3 -Wall -c -fmessage-length=0 -MMD -MP -MF"src/server_main.d" -MT"src/server_main.o" -o "src/server_main.o" "../src/server_main.cpp"
Finished building: ../src/server_main.cpp
 
Building target: server
Invoking: Cross G++ Linker
g++ -Lusr/lib -o "server"  ./src/OBB.o ./src/bullet.o ./src/checkObjectHit.o ./src/fps.o ./src/get_data.o ./src/glm.o ./src/map.o ./src/mob.o ./src/object.o ./src/server.o ./src/server_main.o   -lSDL -lpng -lz -lSDL_ttf -lGLU -lglut -lGL -lSDL_image -lSDL_mixer
Finished building target: server
 
make: 警告:  時刻のずれを検出. 不完全なビルド結果になるかもしれません.
16:49:46 **** インクリメンタル・ビルド of configuration Debug for project server ****
make all 
make: 警告: ファイル `src/subdir.mk' の修正時刻が 0.016 秒分未来の時刻です
make: `all' に対して行うべき事はありません.
make: 警告:  時刻のずれを検出. 不完全なビルド結果になるかもしれません.
16:50:49 **** インクリメンタル・ビルド of configuration Debug for project server ****
make all 
make: 警告: ファイル `src/subdir.mk' の修正時刻が 0.0015 秒分未来の時刻です
Building file: ../src/get_data.cpp
Invoking: Cross G++ Compiler
g++ -O0 -g3 -Wall -c -fmessage-length=0 -MMD -MP -MF"src/get_data.d" -MT"src/get_data.o" -o "src/get_data.o" "../src/get_data.cpp"
../src/get_data.cpp:15:14: 警告: ‘player_minushp’ が定義されましたが使用されません [-Wunused-variable]
Finished building: ../src/get_data.cpp
 
Building file: ../src/server.cpp
Invoking: Cross G++ Compiler
g++ -O0 -g3 -Wall -c -fmessage-length=0 -MMD -MP -MF"src/server.d" -MT"src/server.o" -o "src/server.o" "../src/server.cpp"
Finished building: ../src/server.cpp
 
Building file: ../src/server_main.cpp
Invoking: Cross G++ Compiler
g++ -O0 -g3 -Wall -c -fmessage-length=0 -MMD -MP -MF"src/server_main.d" -MT"src/server_main.o" -o "src/server_main.o" "../src/server_main.cpp"
Finished building: ../src/server_main.cpp
 
Building target: server
Invoking: Cross G++ Linker
g++ -Lusr/lib -o "server"  ./src/OBB.o ./src/bullet.o ./src/checkObjectHit.o ./src/fps.o ./src/get_data.o ./src/glm.o ./src/map.o ./src/mob.o ./src/object.o ./src/server.o ./src/server_main.o   -lSDL -lpng -lz -lSDL_ttf -lGLU -lglut -lGL -lSDL_image -lSDL_mixer
Finished building target: server
 
make: 警告:  時刻のずれを検出. 不完全なビルド結果になるかもしれません.
16:56:03 **** インクリメンタル・ビルド of configuration Debug for project server ****
make all 
make: 警告: ファイル `src/subdir.mk' の修正時刻が 0.014 秒分未来の時刻です
Building file: ../src/get_data.cpp
Invoking: Cross G++ Compiler
g++ -O0 -g3 -Wall -c -fmessage-length=0 -MMD -MP -MF"src/get_data.d" -MT"src/get_data.o" -o "src/get_data.o" "../src/get_data.cpp"
../src/get_data.cpp:15:14: 警告: ‘player_minushp’ が定義されましたが使用されません [-Wunused-variable]
Finished building: ../src/get_data.cpp
 
Building file: ../src/server.cpp
Invoking: Cross G++ Compiler
g++ -O0 -g3 -Wall -c -fmessage-length=0 -MMD -MP -MF"src/server.d" -MT"src/server.o" -o "src/server.o" "../src/server.cpp"
Finished building: ../src/server.cpp
 
Building file: ../src/server_main.cpp
Invoking: Cross G++ Compiler
g++ -O0 -g3 -Wall -c -fmessage-length=0 -MMD -MP -MF"src/server_main.d" -MT"src/server_main.o" -o "src/server_main.o" "../src/server_main.cpp"
Finished building: ../src/server_main.cpp
 
Building target: server
Invoking: Cross G++ Linker
g++ -Lusr/lib -o "server"  ./src/OBB.o ./src/bullet.o ./src/checkObjectHit.o ./src/fps.o ./src/get_data.o ./src/glm.o ./src/map.o ./src/mob.o ./src/object.o ./src/server.o ./src/server_main.o   -lSDL -lpng -lz -lSDL_ttf -lGLU -lglut -lGL -lSDL_image -lSDL_mixer
Finished building target: server
 
make: 警告:  時刻のずれを検出. 不完全なビルド結果になるかもしれません.
16:57:05 **** インクリメンタル・ビルド of configuration Debug for project server ****
make all 
make: 警告: ファイル `src/subdir.mk' の修正時刻が 0.011 秒分未来の時刻です
Building file: ../src/get_data.cpp
Invoking: Cross G++ Compiler
g++ -O0 -g3 -Wall -c -fmessage-length=0 -MMD -MP -MF"src/get_data.d" -MT"src/get_data.o" -o "src/get_data.o" "../src/get_data.cpp"
../src/get_data.cpp:15:14: 警告: ‘player_minushp’ が定義されましたが使用されません [-Wunused-variable]
Finished building: ../src/get_data.cpp
 
Building file: ../src/server.cpp
Invoking: Cross G++ Compiler
g++ -O0 -g3 -Wall -c -fmessage-length=0 -MMD -MP -MF"src/server.d" -MT"src/server.o" -o "src/server.o" "../src/server.cpp"
Finished building: ../src/server.cpp
 
Building file: ../src/server_main.cpp
Invoking: Cross G++ Compiler
g++ -O0 -g3 -Wall -c -fmessage-length=0 -MMD -MP -MF"src/server_main.d" -MT"src/server_main.o" -o "src/server_main.o" "../src/server_main.cpp"
Finished building: ../src/server_main.cpp
 
Building target: server
Invoking: Cross G++ Linker
g++ -Lusr/lib -o "server"  ./src/OBB.o ./src/bullet.o ./src/checkObjectHit.o ./src/fps.o ./src/get_data.o ./src/glm.o ./src/map.o ./src/mob.o ./src/object.o ./src/server.o ./src/server_main.o   -lSDL -lpng -lz -lSDL_ttf -lGLU -lglut -lGL -lSDL_image -lSDL_mixer
Finished building target: server
 
make: 警告:  時刻のずれを検出. 不完全なビルド結果になるかもしれません.
16:58:13 **** インクリメンタル・ビルド of configuration Debug for project server ****
make all 
make: 警告: ファイル `src/subdir.mk' の修正時刻が 0.016 秒分未来の時刻です
Building file: ../src/get_data.cpp
Invoking: Cross G++ Compiler
g++ -O0 -g3 -Wall -c -fmessage-length=0 -MMD -MP -MF"src/get_data.d" -MT"src/get_data.o" -o "src/get_data.o" "../src/get_data.cpp"
../src/get_data.cpp:15:14: 警告: ‘player_minushp’ が定義されましたが使用されません [-Wunused-variable]
Finished building: ../src/get_data.cpp
 
Building file: ../src/server.cpp
Invoking: Cross G++ Compiler
g++ -O0 -g3 -Wall -c -fmessage-length=0 -MMD -MP -MF"src/server.d" -MT"src/server.o" -o "src/server.o" "../src/server.cpp"
Finished building: ../src/server.cpp
 
Building file: ../src/server_main.cpp
Invoking: Cross G++ Compiler
g++ -O0 -g3 -Wall -c -fmessage-length=0 -MMD -MP -MF"src/server_main.d" -MT"src/server_main.o" -o "src/server_main.o" "../src/server_main.cpp"
Finished building: ../src/server_main.cpp
 
Building target: server
Invoking: Cross G++ Linker
g++ -Lusr/lib -o "server"  ./src/OBB.o ./src/bullet.o ./src/checkObjectHit.o ./src/fps.o ./src/get_data.o ./src/glm.o ./src/map.o ./src/mob.o ./src/object.o ./src/server.o ./src/server_main.o   -lSDL -lpng -lz -lSDL_ttf -lGLU -lglut -lGL -lSDL_image -lSDL_mixer
Finished building target: server
 
make: 警告:  時刻のずれを検出. 不完全なビルド結果になるかもしれません.
16:58:36 **** インクリメンタル・ビルド of configuration Debug for project server ****
make all 
make: 警告: ファイル `src/subdir.mk' の修正時刻が 0.022 秒分未来の時刻です
Building file: ../src/get_data.cpp
Invoking: Cross G++ Compiler
g++ -O0 -g3 -Wall -c -fmessage-length=0 -MMD -MP -MF"src/get_data.d" -MT"src/get_data.o" -o "src/get_data.o" "../src/get_data.cpp"
Finished building: ../src/get_data.cpp
 
Building target: server
Invoking: Cross G++ Linker
g++ -Lusr/lib -o "server"  ./src/OBB.o ./src/bullet.o ./src/checkObjectHit.o ./src/fps.o ./src/get_data.o ./src/glm.o ./src/map.o ./src/mob.o ./src/object.o ./src/server.o ./src/server_main.o   -lSDL -lpng -lz -lSDL_ttf -lGLU -lglut -lGL -lSDL_image -lSDL_mixer
Finished building target: server
 
make: 警告:  時刻のずれを検出. 不完全なビルド結果になるかもしれません.
17:12:02 **** インクリメンタル・ビルド of configuration Debug for project server ****
make all 
Building file: ../src/get_data.cpp
Invoking: Cross G++ Compiler
g++ -O0 -g3 -Wall -c -fmessage-length=0 -MMD -MP -MF"src/get_data.d" -MT"src/get_data.o" -o "src/get_data.o" "../src/get_data.cpp"
../src/get_data.cpp:17:1: エラー: expected initializer before ‘int’
make: *** [src/get_data.o] エラー 1
17:12:05 **** インクリメンタル・ビルド of configuration Debug for project server ****
make all 
Building file: ../src/get_data.cpp
Invoking: Cross G++ Compiler
g++ -O0 -g3 -Wall -c -fmessage-length=0 -MMD -MP -MF"src/get_data.d" -MT"src/get_data.o" -o "src/get_data.o" "../src/get_data.cpp"
Finished building: ../src/get_data.cpp
 
Building target: server
Invoking: Cross G++ Linker
g++ -Lusr/lib -o "server"  ./src/OBB.o ./src/bullet.o ./src/checkObjectHit.o ./src/fps.o ./src/get_data.o ./src/glm.o ./src/map.o ./src/mob.o ./src/object.o ./src/server.o ./src/server_main.o   -lSDL -lpng -lz -lSDL_ttf -lGLU -lglut -lGL -lSDL_image -lSDL_mixer
Finished building target: server
 
17:13:42 **** インクリメンタル・ビルド of configuration Debug for project server ****
make all 
Building file: ../src/get_data.cpp
Invoking: Cross G++ Compiler
g++ -O0 -g3 -Wall -c -fmessage-length=0 -MMD -MP -MF"src/get_data.d" -MT"src/get_data.o" -o "src/get_data.o" "../src/get_data.cpp"
Finished building: ../src/get_data.cpp
 
Building target: server
Invoking: Cross G++ Linker
g++ -Lusr/lib -o "server"  ./src/OBB.o ./src/bullet.o ./src/checkObjectHit.o ./src/fps.o ./src/get_data.o ./src/glm.o ./src/map.o ./src/mob.o ./src/object.o ./src/server.o ./src/server_main.o   -lSDL -lpng -lz -lSDL_ttf -lGLU -lglut -lGL -lSDL_image -lSDL_mixer
Finished building target: server
 
17:15:40 **** インクリメンタル・ビルド of configuration Debug for project server ****
make all 
Building file: ../src/get_data.cpp
Invoking: Cross G++ Compiler
g++ -O0 -g3 -Wall -c -fmessage-length=0 -MMD -MP -MF"src/get_data.d" -MT"src/get_data.o" -o "src/get_data.o" "../src/get_data.cpp"
Finished building: ../src/get_data.cpp
 
Building target: server
Invoking: Cross G++ Linker
g++ -Lusr/lib -o "server"  ./src/OBB.o ./src/bullet.o ./src/checkObjectHit.o ./src/fps.o ./src/get_data.o ./src/glm.o ./src/map.o ./src/mob.o ./src/object.o ./src/server.o ./src/server_main.o   -lSDL -lpng -lz -lSDL_ttf -lGLU -lglut -lGL -lSDL_image -lSDL_mixer
Finished building target: server
 
17:15:55 **** インクリメンタル・ビルド of configuration Debug for project server ****
make all 
Building file: ../src/get_data.cpp
Invoking: Cross G++ Compiler
g++ -O0 -g3 -Wall -c -fmessage-length=0 -MMD -MP -MF"src/get_data.d" -MT"src/get_data.o" -o "src/get_data.o" "../src/get_data.cpp"
Finished building: ../src/get_data.cpp
 
Building file: ../src/server.cpp
Invoking: Cross G++ Compiler
g++ -O0 -g3 -Wall -c -fmessage-length=0 -MMD -MP -MF"src/server.d" -MT"src/server.o" -o "src/server.o" "../src/server.cpp"
Finished building: ../src/server.cpp
 
Building target: server
Invoking: Cross G++ Linker
g++ -Lusr/lib -o "server"  ./src/OBB.o ./src/bullet.o ./src/checkObjectHit.o ./src/fps.o ./src/get_data.o ./src/glm.o ./src/map.o ./src/mob.o ./src/object.o ./src/server.o ./src/server_main.o   -lSDL -lpng -lz -lSDL_ttf -lGLU -lglut -lGL -lSDL_image -lSDL_mixer
Finished building target: server
 
17:16:27 **** インクリメンタル・ビルド of configuration Debug for project server ****
make all 
Building file: ../src/server.cpp
Invoking: Cross G++ Compiler
g++ -O0 -g3 -Wall -c -fmessage-length=0 -MMD -MP -MF"src/server.d" -MT"src/server.o" -o "src/server.o" "../src/server.cpp"
../src/server.cpp: 関数 ‘int control_requests()’ 内:
../src/server.cpp:124:19: エラー: expected primary-expression before ‘int’
../src/server.cpp:124:38: エラー: expected primary-expression before ‘cdata’
../src/server.cpp:124:56: エラー: expected primary-expression before ‘*’ token
../src/server.cpp:124:63: エラー: expected ‘;’ before ‘{’ token
../src/server.cpp:158:54: エラー: a function-definition is not allowed here before ‘{’ token
../src/server.cpp:234:1: エラー: expected ‘}’ at end of input
../src/server.cpp:234:1: 警告: 制御が非 void 関数の終りに到達しました [-Wreturn-type]
../src/server.cpp: 大域スコープ:
../src/server.cpp:28:13: 警告: ‘void send_data(int, void*, int)’ が ‘static’ と宣言されましたが定義されていません [-Wunused-function]
../src/server.cpp:29:12: 警告: ‘int receive_data(int, void*, int)’ が ‘static’ と宣言されましたが定義されていません [-Wunused-function]
../src/server.cpp:30:13: 警告: ‘void handle_error()’ が ‘static’ と宣言されましたが定義されていません [-Wunused-function]
make: *** [src/server.o] エラー 1
17:16:45 **** インクリメンタル・ビルド of configuration Debug for project server ****
make all 
Building file: ../src/server.cpp
Invoking: Cross G++ Compiler
g++ -O0 -g3 -Wall -c -fmessage-length=0 -MMD -MP -MF"src/server.d" -MT"src/server.o" -o "src/server.o" "../src/server.cpp"
Finished building: ../src/server.cpp
 
Building target: server
Invoking: Cross G++ Linker
g++ -Lusr/lib -o "server"  ./src/OBB.o ./src/bullet.o ./src/checkObjectHit.o ./src/fps.o ./src/get_data.o ./src/glm.o ./src/map.o ./src/mob.o ./src/object.o ./src/server.o ./src/server_main.o   -lSDL -lpng -lz -lSDL_ttf -lGLU -lglut -lGL -lSDL_image -lSDL_mixer
Finished building target: server
 
17:27:24 **** インクリメンタル・ビルド of configuration Debug for project server ****
make all 
Building file: ../src/get_data.cpp
Invoking: Cross G++ Compiler
g++ -O0 -g3 -Wall -c -fmessage-length=0 -MMD -MP -MF"src/get_data.d" -MT"src/get_data.o" -o "src/get_data.o" "../src/get_data.cpp"
../src/get_data.cpp: 関数 ‘int get_playerdata(int, C_CONTAINER, S_CONTAINER*)’ 内:
../src/get_data.cpp:33:30: エラー: ‘operator=’ で ‘sdata->S_CONTAINER::walls[id][i] = cdata.C_CONTAINER::my_bullet’ 内にあるものが適合しません
../src/get_data.cpp:33:30: 備考: 候補:
../src/net_common.h:40:2: 備考: wall2& wall2::operator=(const wall2&)
../src/net_common.h:40:2: 備考:   第 1 引数を ‘BULLET_DATA’ から ‘const wall2&’ へ変換する方法が不明です
make: *** [src/get_data.o] エラー 1
17:27:39 **** インクリメンタル・ビルド of configuration Debug for project server ****
make all 
Building file: ../src/get_data.cpp
Invoking: Cross G++ Compiler
g++ -O0 -g3 -Wall -c -fmessage-length=0 -MMD -MP -MF"src/get_data.d" -MT"src/get_data.o" -o "src/get_data.o" "../src/get_data.cpp"
../src/get_data.cpp: 関数 ‘int get_playerdata(int, C_CONTAINER, S_CONTAINER*)’ 内:
../src/get_data.cpp:33:43: エラー: ‘cdata.C_CONTAINER::my_wall[id][i]’ 内の ‘operator[]’ が適合しません
make: *** [src/get_data.o] エラー 1
17:28:04 **** インクリメンタル・ビルド of configuration Debug for project server ****
make all 
Building file: ../src/get_data.cpp
Invoking: Cross G++ Compiler
g++ -O0 -g3 -Wall -c -fmessage-length=0 -MMD -MP -MF"src/get_data.d" -MT"src/get_data.o" -o "src/get_data.o" "../src/get_data.cpp"
Finished building: ../src/get_data.cpp
 
Building target: server
Invoking: Cross G++ Linker
g++ -Lusr/lib -o "server"  ./src/OBB.o ./src/bullet.o ./src/checkObjectHit.o ./src/fps.o ./src/get_data.o ./src/glm.o ./src/map.o ./src/mob.o ./src/object.o ./src/server.o ./src/server_main.o   -lSDL -lpng -lz -lSDL_ttf -lGLU -lglut -lGL -lSDL_image -lSDL_mixer
Finished building target: server
 
17:30:31 **** インクリメンタル・ビルド of configuration Debug for project server ****
make all 
Building file: ../src/get_data.cpp
Invoking: Cross G++ Compiler
g++ -O0 -g3 -Wall -c -fmessage-length=0 -MMD -MP -MF"src/get_data.d" -MT"src/get_data.o" -o "src/get_data.o" "../src/get_data.cpp"
Finished building: ../src/get_data.cpp
 
Building file: ../src/server.cpp
Invoking: Cross G++ Compiler
g++ -O0 -g3 -Wall -c -fmessage-length=0 -MMD -MP -MF"src/server.d" -MT"src/server.o" -o "src/server.o" "../src/server.cpp"
Finished building: ../src/server.cpp
 
Building target: server
Invoking: Cross G++ Linker
g++ -Lusr/lib -o "server"  ./src/OBB.o ./src/bullet.o ./src/checkObjectHit.o ./src/fps.o ./src/get_data.o ./src/glm.o ./src/map.o ./src/mob.o ./src/object.o ./src/server.o ./src/server_main.o   -lSDL -lpng -lz -lSDL_ttf -lGLU -lglut -lGL -lSDL_image -lSDL_mixer
Finished building target: server
 
18:14:51 **** インクリメンタル・ビルド of configuration Debug for project server ****
make all 
Building file: ../src/get_data.cpp
Invoking: Cross G++ Compiler
g++ -O0 -g3 -Wall -c -fmessage-length=0 -MMD -MP -MF"src/get_data.d" -MT"src/get_data.o" -o "src/get_data.o" "../src/get_data.cpp"
Finished building: ../src/get_data.cpp
 
Building target: server
Invoking: Cross G++ Linker
g++ -Lusr/lib -o "server"  ./src/OBB.o ./src/bullet.o ./src/checkObjectHit.o ./src/fps.o ./src/get_data.o ./src/glm.o ./src/map.o ./src/mob.o ./src/object.o ./src/server.o ./src/server_main.o   -lSDL -lpng -lz -lSDL_ttf -lGLU -lglut -lGL -lSDL_image -lSDL_mixer
Finished building target: server
 
14:08:53 **** インクリメンタル・ビルド of configuration Debug for project server ****
make all 
Building file: ../src/get_data.cpp
Invoking: Cross G++ Compiler
g++ -O0 -g3 -Wall -c -fmessage-length=0 -MMD -MP -MF"src/get_data.d" -MT"src/get_data.o" -o "src/get_data.o" "../src/get_data.cpp"
Finished building: ../src/get_data.cpp
 
Building file: ../src/server.cpp
Invoking: Cross G++ Compiler
g++ -O0 -g3 -Wall -c -fmessage-length=0 -MMD -MP -MF"src/server.d" -MT"src/server.o" -o "src/server.o" "../src/server.cpp"
Finished building: ../src/server.cpp
 
Building file: ../src/server_main.cpp
Invoking: Cross G++ Compiler
g++ -O0 -g3 -Wall -c -fmessage-length=0 -MMD -MP -MF"src/server_main.d" -MT"src/server_main.o" -o "src/server_main.o" "../src/server_main.cpp"
Finished building: ../src/server_main.cpp
 
Building target: server
Invoking: Cross G++ Linker
g++ -Lusr/lib -o "server"  ./src/OBB.o ./src/bullet.o ./src/checkObjectHit.o ./src/fps.o ./src/get_data.o ./src/glm.o ./src/map.o ./src/mob.o ./src/object.o ./src/server.o ./src/server_main.o   -lSDL -lpng -lz -lSDL_ttf -lGLU -lglut -lGL -lSDL_image -lSDL_mixer
Finished building target: server
 
14:26:50 **** インクリメンタル・ビルド of configuration Debug for project server ****
make all 
Building file: ../src/get_data.cpp
Invoking: Cross G++ Compiler
g++ -O0 -g3 -Wall -c -fmessage-length=0 -MMD -MP -MF"src/get_data.d" -MT"src/get_data.o" -o "src/get_data.o" "../src/get_data.cpp"
Finished building: ../src/get_data.cpp
 
Building file: ../src/server.cpp
Invoking: Cross G++ Compiler
g++ -O0 -g3 -Wall -c -fmessage-length=0 -MMD -MP -MF"src/server.d" -MT"src/server.o" -o "src/server.o" "../src/server.cpp"
Finished building: ../src/server.cpp
 
Building file: ../src/server_main.cpp
Invoking: Cross G++ Compiler
g++ -O0 -g3 -Wall -c -fmessage-length=0 -MMD -MP -MF"src/server_main.d" -MT"src/server_main.o" -o "src/server_main.o" "../src/server_main.cpp"
Finished building: ../src/server_main.cpp
 
Building target: server
Invoking: Cross G++ Linker
g++ -Lusr/lib -o "server"  ./src/OBB.o ./src/bullet.o ./src/checkObjectHit.o ./src/fps.o ./src/get_data.o ./src/glm.o ./src/map.o ./src/mob.o ./src/object.o ./src/server.o ./src/server_main.o   -lSDL -lpng -lz -lSDL_ttf -lGLU -lglut -lGL -lSDL_image -lSDL_mixer
Finished building target: server
 
14:28:48 **** インクリメンタル・ビルド of configuration Debug for project server ****
make all 
Building file: ../src/get_data.cpp
Invoking: Cross G++ Compiler
g++ -O0 -g3 -Wall -c -fmessage-length=0 -MMD -MP -MF"src/get_data.d" -MT"src/get_data.o" -o "src/get_data.o" "../src/get_data.cpp"
Finished building: ../src/get_data.cpp
 
Building target: server
Invoking: Cross G++ Linker
g++ -Lusr/lib -o "server"  ./src/OBB.o ./src/bullet.o ./src/checkObjectHit.o ./src/fps.o ./src/get_data.o ./src/glm.o ./src/map.o ./src/mob.o ./src/object.o ./src/server.o ./src/server_main.o   -lSDL -lpng -lz -lSDL_ttf -lGLU -lglut -lGL -lSDL_image -lSDL_mixer
Finished building target: server
 
14:29:40 **** インクリメンタル・ビルド of configuration Debug for project server ****
make all 
Building file: ../src/get_data.cpp
Invoking: Cross G++ Compiler
g++ -O0 -g3 -Wall -c -fmessage-length=0 -MMD -MP -MF"src/get_data.d" -MT"src/get_data.o" -o "src/get_data.o" "../src/get_data.cpp"
Finished building: ../src/get_data.cpp
 
Building file: ../src/server.cpp
Invoking: Cross G++ Compiler
g++ -O0 -g3 -Wall -c -fmessage-length=0 -MMD -MP -MF"src/server.d" -MT"src/server.o" -o "src/server.o" "../src/server.cpp"
Finished building: ../src/server.cpp
 
Building file: ../src/server_main.cpp
Invoking: Cross G++ Compiler
g++ -O0 -g3 -Wall -c -fmessage-length=0 -MMD -MP -MF"src/server_main.d" -MT"src/server_main.o" -o "src/server_main.o" "../src/server_main.cpp"
Finished building: ../src/server_main.cpp
 
Building target: server
Invoking: Cross G++ Linker
g++ -Lusr/lib -o "server"  ./src/OBB.o ./src/bullet.o ./src/checkObjectHit.o ./src/fps.o ./src/get_data.o ./src/glm.o ./src/map.o ./src/mob.o ./src/object.o ./src/server.o ./src/server_main.o   -lSDL -lpng -lz -lSDL_ttf -lGLU -lglut -lGL -lSDL_image -lSDL_mixer
Finished building target: server
 
14:29:47 **** インクリメンタル・ビルド of configuration Debug for project server ****
make all 
Building file: ../src/get_data.cpp
Invoking: Cross G++ Compiler
g++ -O0 -g3 -Wall -c -fmessage-length=0 -MMD -MP -MF"src/get_data.d" -MT"src/get_data.o" -o "src/get_data.o" "../src/get_data.cpp"
Finished building: ../src/get_data.cpp
 
Building file: ../src/server.cpp
Invoking: Cross G++ Compiler
g++ -O0 -g3 -Wall -c -fmessage-length=0 -MMD -MP -MF"src/server.d" -MT"src/server.o" -o "src/server.o" "../src/server.cpp"
Finished building: ../src/server.cpp
 
Building file: ../src/server_main.cpp
Invoking: Cross G++ Compiler
g++ -O0 -g3 -Wall -c -fmessage-length=0 -MMD -MP -MF"src/server_main.d" -MT"src/server_main.o" -o "src/server_main.o" "../src/server_main.cpp"
Finished building: ../src/server_main.cpp
 
Building target: server
Invoking: Cross G++ Linker
g++ -Lusr/lib -o "server"  ./src/OBB.o ./src/bullet.o ./src/checkObjectHit.o ./src/fps.o ./src/get_data.o ./src/glm.o ./src/map.o ./src/mob.o ./src/object.o ./src/server.o ./src/server_main.o   -lSDL -lpng -lz -lSDL_ttf -lGLU -lglut -lGL -lSDL_image -lSDL_mixer
Finished building target: server
 
14:46:50 **** インクリメンタル・ビルド of configuration Debug for project server ****
make all 
make: 警告: ファイル `makefile' の修正時刻が 0.0041 秒分未来の時刻です
Building file: ../src/get_data.cpp
Invoking: Cross G++ Compiler
g++ -O0 -g3 -Wall -c -fmessage-length=0 -MMD -MP -MF"src/get_data.d" -MT"src/get_data.o" -o "src/get_data.o" "../src/get_data.cpp"
Finished building: ../src/get_data.cpp
 
Building file: ../src/server.cpp
Invoking: Cross G++ Compiler
g++ -O0 -g3 -Wall -c -fmessage-length=0 -MMD -MP -MF"src/server.d" -MT"src/server.o" -o "src/server.o" "../src/server.cpp"
Finished building: ../src/server.cpp
 
Building file: ../src/server_main.cpp
Invoking: Cross G++ Compiler
g++ -O0 -g3 -Wall -c -fmessage-length=0 -MMD -MP -MF"src/server_main.d" -MT"src/server_main.o" -o "src/server_main.o" "../src/server_main.cpp"
Finished building: ../src/server_main.cpp
 
Building target: server
Invoking: Cross G++ Linker
g++ -Lusr/lib -o "server"  ./src/OBB.o ./src/bullet.o ./src/checkObjectHit.o ./src/fps.o ./src/get_data.o ./src/glm.o ./src/map.o ./src/mob.o ./src/object.o ./src/server.o ./src/server_main.o   -lSDL -lpng -lz -lSDL_ttf -lGLU -lglut -lGL -lSDL_image -lSDL_mixer
Finished building target: server
 
make: 警告:  時刻のずれを検出. 不完全なビルド結果になるかもしれません.
14:48:27 **** インクリメンタル・ビルド of configuration Debug for project server ****
make all 
make: 警告: ファイル `src/subdir.mk' の修正時刻が 0.0063 秒分未来の時刻です
Building file: ../src/server_main.cpp
Invoking: Cross G++ Compiler
g++ -O0 -g3 -Wall -c -fmessage-length=0 -MMD -MP -MF"src/server_main.d" -MT"src/server_main.o" -o "src/server_main.o" "../src/server_main.cpp"
Finished building: ../src/server_main.cpp
 
Building target: server
Invoking: Cross G++ Linker
g++ -Lusr/lib -o "server"  ./src/OBB.o ./src/bullet.o ./src/checkObjectHit.o ./src/fps.o ./src/get_data.o ./src/glm.o ./src/map.o ./src/mob.o ./src/object.o ./src/server.o ./src/server_main.o   -lSDL -lpng -lz -lSDL_ttf -lGLU -lglut -lGL -lSDL_image -lSDL_mixer
Finished building target: server
 
make: 警告:  時刻のずれを検出. 不完全なビルド結果になるかもしれません.
14:55:47 **** インクリメンタル・ビルド of configuration Debug for project server ****
make all 
make: 警告: ファイル `src/subdir.mk' の修正時刻が 0.0052 秒分未来の時刻です
Building file: ../src/get_data.cpp
Invoking: Cross G++ Compiler
g++ -O0 -g3 -Wall -c -fmessage-length=0 -MMD -MP -MF"src/get_data.d" -MT"src/get_data.o" -o "src/get_data.o" "../src/get_data.cpp"
Finished building: ../src/get_data.cpp
 
Building file: ../src/server.cpp
Invoking: Cross G++ Compiler
g++ -O0 -g3 -Wall -c -fmessage-length=0 -MMD -MP -MF"src/server.d" -MT"src/server.o" -o "src/server.o" "../src/server.cpp"
Finished building: ../src/server.cpp
 
Building file: ../src/server_main.cpp
Invoking: Cross G++ Compiler
g++ -O0 -g3 -Wall -c -fmessage-length=0 -MMD -MP -MF"src/server_main.d" -MT"src/server_main.o" -o "src/server_main.o" "../src/server_main.cpp"
Finished building: ../src/server_main.cpp
 
Building target: server
Invoking: Cross G++ Linker
g++ -Lusr/lib -o "server"  ./src/OBB.o ./src/bullet.o ./src/checkObjectHit.o ./src/fps.o ./src/get_data.o ./src/glm.o ./src/map.o ./src/mob.o ./src/object.o ./src/server.o ./src/server_main.o   -lSDL -lpng -lz -lSDL_ttf -lGLU -lglut -lGL -lSDL_image -lSDL_mixer
Finished building target: server
 
make: 警告:  時刻のずれを検出. 不完全なビルド結果になるかもしれません.
15:09:18 **** インクリメンタル・ビルド of configuration Debug for project server ****
make all 
Building file: ../src/get_data.cpp
Invoking: Cross G++ Compiler
g++ -O0 -g3 -Wall -c -fmessage-length=0 -MMD -MP -MF"src/get_data.d" -MT"src/get_data.o" -o "src/get_data.o" "../src/get_data.cpp"
Finished building: ../src/get_data.cpp
 
Building file: ../src/server.cpp
Invoking: Cross G++ Compiler
g++ -O0 -g3 -Wall -c -fmessage-length=0 -MMD -MP -MF"src/server.d" -MT"src/server.o" -o "src/server.o" "../src/server.cpp"
Finished building: ../src/server.cpp
 
Building file: ../src/server_main.cpp
Invoking: Cross G++ Compiler
g++ -O0 -g3 -Wall -c -fmessage-length=0 -MMD -MP -MF"src/server_main.d" -MT"src/server_main.o" -o "src/server_main.o" "../src/server_main.cpp"
Finished building: ../src/server_main.cpp
 
Building target: server
Invoking: Cross G++ Linker
g++ -Lusr/lib -o "server"  ./src/OBB.o ./src/bullet.o ./src/checkObjectHit.o ./src/fps.o ./src/get_data.o ./src/glm.o ./src/map.o ./src/mob.o ./src/object.o ./src/server.o ./src/server_main.o   -lSDL -lpng -lz -lSDL_ttf -lGLU -lglut -lGL -lSDL_image -lSDL_mixer
Finished building target: server
 
15:10:58 **** インクリメンタル・ビルド of configuration Debug for project server ****
make all 
Building file: ../src/get_data.cpp
Invoking: Cross G++ Compiler
g++ -O0 -g3 -Wall -c -fmessage-length=0 -MMD -MP -MF"src/get_data.d" -MT"src/get_data.o" -o "src/get_data.o" "../src/get_data.cpp"
Finished building: ../src/get_data.cpp
 
Building file: ../src/server.cpp
Invoking: Cross G++ Compiler
g++ -O0 -g3 -Wall -c -fmessage-length=0 -MMD -MP -MF"src/server.d" -MT"src/server.o" -o "src/server.o" "../src/server.cpp"
Finished building: ../src/server.cpp
 
Building file: ../src/server_main.cpp
Invoking: Cross G++ Compiler
g++ -O0 -g3 -Wall -c -fmessage-length=0 -MMD -MP -MF"src/server_main.d" -MT"src/server_main.o" -o "src/server_main.o" "../src/server_main.cpp"
Finished building: ../src/server_main.cpp
 
Building target: server
Invoking: Cross G++ Linker
g++ -Lusr/lib -o "server"  ./src/OBB.o ./src/bullet.o ./src/checkObjectHit.o ./src/fps.o ./src/get_data.o ./src/glm.o ./src/map.o ./src/mob.o ./src/object.o ./src/server.o ./src/server_main.o   -lSDL -lpng -lz -lSDL_ttf -lGLU -lglut -lGL -lSDL_image -lSDL_mixer
Finished building target: server
 
15:12:01 **** インクリメンタル・ビルド of configuration Debug for project server ****
make all 
Building file: ../src/get_data.cpp
Invoking: Cross G++ Compiler
g++ -O0 -g3 -Wall -c -fmessage-length=0 -MMD -MP -MF"src/get_data.d" -MT"src/get_data.o" -o "src/get_data.o" "../src/get_data.cpp"
Finished building: ../src/get_data.cpp
 
Building file: ../src/server.cpp
Invoking: Cross G++ Compiler
g++ -O0 -g3 -Wall -c -fmessage-length=0 -MMD -MP -MF"src/server.d" -MT"src/server.o" -o "src/server.o" "../src/server.cpp"
Finished building: ../src/server.cpp
 
Building file: ../src/server_main.cpp
Invoking: Cross G++ Compiler
g++ -O0 -g3 -Wall -c -fmessage-length=0 -MMD -MP -MF"src/server_main.d" -MT"src/server_main.o" -o "src/server_main.o" "../src/server_main.cpp"
Finished building: ../src/server_main.cpp
 
Building target: server
Invoking: Cross G++ Linker
g++ -Lusr/lib -o "server"  ./src/OBB.o ./src/bullet.o ./src/checkObjectHit.o ./src/fps.o ./src/get_data.o ./src/glm.o ./src/map.o ./src/mob.o ./src/object.o ./src/server.o ./src/server_main.o   -lSDL -lpng -lz -lSDL_ttf -lGLU -lglut -lGL -lSDL_image -lSDL_mixer
Finished building target: server
 
15:12:25 **** インクリメンタル・ビルド of configuration Debug for project server ****
make all 
Building file: ../src/get_data.cpp
Invoking: Cross G++ Compiler
g++ -O0 -g3 -Wall -c -fmessage-length=0 -MMD -MP -MF"src/get_data.d" -MT"src/get_data.o" -o "src/get_data.o" "../src/get_data.cpp"
Finished building: ../src/get_data.cpp
 
Building file: ../src/server.cpp
Invoking: Cross G++ Compiler
g++ -O0 -g3 -Wall -c -fmessage-length=0 -MMD -MP -MF"src/server.d" -MT"src/server.o" -o "src/server.o" "../src/server.cpp"
Finished building: ../src/server.cpp
 
Building file: ../src/server_main.cpp
Invoking: Cross G++ Compiler
g++ -O0 -g3 -Wall -c -fmessage-length=0 -MMD -MP -MF"src/server_main.d" -MT"src/server_main.o" -o "src/server_main.o" "../src/server_main.cpp"
Finished building: ../src/server_main.cpp
 
Building target: server
Invoking: Cross G++ Linker
g++ -Lusr/lib -o "server"  ./src/OBB.o ./src/bullet.o ./src/checkObjectHit.o ./src/fps.o ./src/get_data.o ./src/glm.o ./src/map.o ./src/mob.o ./src/object.o ./src/server.o ./src/server_main.o   -lSDL -lpng -lz -lSDL_ttf -lGLU -lglut -lGL -lSDL_image -lSDL_mixer
Finished building target: server
 
15:12:31 **** インクリメンタル・ビルド of configuration Debug for project server ****
make all 
Building file: ../src/get_data.cpp
Invoking: Cross G++ Compiler
g++ -O0 -g3 -Wall -c -fmessage-length=0 -MMD -MP -MF"src/get_data.d" -MT"src/get_data.o" -o "src/get_data.o" "../src/get_data.cpp"
Finished building: ../src/get_data.cpp
 
Building file: ../src/server.cpp
Invoking: Cross G++ Compiler
g++ -O0 -g3 -Wall -c -fmessage-length=0 -MMD -MP -MF"src/server.d" -MT"src/server.o" -o "src/server.o" "../src/server.cpp"
Finished building: ../src/server.cpp
 
Building file: ../src/server_main.cpp
Invoking: Cross G++ Compiler
g++ -O0 -g3 -Wall -c -fmessage-length=0 -MMD -MP -MF"src/server_main.d" -MT"src/server_main.o" -o "src/server_main.o" "../src/server_main.cpp"
Finished building: ../src/server_main.cpp
 
Building target: server
Invoking: Cross G++ Linker
g++ -Lusr/lib -o "server"  ./src/OBB.o ./src/bullet.o ./src/checkObjectHit.o ./src/fps.o ./src/get_data.o ./src/glm.o ./src/map.o ./src/mob.o ./src/object.o ./src/server.o ./src/server_main.o   -lSDL -lpng -lz -lSDL_ttf -lGLU -lglut -lGL -lSDL_image -lSDL_mixer
Finished building target: server
 
15:13:29 **** インクリメンタル・ビルド of configuration Debug for project server ****
make all 
Building file: ../src/get_data.cpp
Invoking: Cross G++ Compiler
g++ -O0 -g3 -Wall -c -fmessage-length=0 -MMD -MP -MF"src/get_data.d" -MT"src/get_data.o" -o "src/get_data.o" "../src/get_data.cpp"
Finished building: ../src/get_data.cpp
 
Building file: ../src/server.cpp
Invoking: Cross G++ Compiler
g++ -O0 -g3 -Wall -c -fmessage-length=0 -MMD -MP -MF"src/server.d" -MT"src/server.o" -o "src/server.o" "../src/server.cpp"
Finished building: ../src/server.cpp
 
Building file: ../src/server_main.cpp
Invoking: Cross G++ Compiler
g++ -O0 -g3 -Wall -c -fmessage-length=0 -MMD -MP -MF"src/server_main.d" -MT"src/server_main.o" -o "src/server_main.o" "../src/server_main.cpp"
Finished building: ../src/server_main.cpp
 
Building target: server
Invoking: Cross G++ Linker
g++ -Lusr/lib -o "server"  ./src/OBB.o ./src/bullet.o ./src/checkObjectHit.o ./src/fps.o ./src/get_data.o ./src/glm.o ./src/map.o ./src/mob.o ./src/object.o ./src/server.o ./src/server_main.o   -lSDL -lpng -lz -lSDL_ttf -lGLU -lglut -lGL -lSDL_image -lSDL_mixer
Finished building target: server
 
15:13:32 **** インクリメンタル・ビルド of configuration Debug for project server ****
make all 
make: `all' に対して行うべき事はありません.
15:14:13 **** インクリメンタル・ビルド of configuration Debug for project server ****
make all 
Building file: ../src/bullet.cpp
Invoking: Cross G++ Compiler
g++ -O0 -g3 -Wall -c -fmessage-length=0 -MMD -MP -MF"src/bullet.d" -MT"src/bullet.o" -o "src/bullet.o" "../src/bullet.cpp"
Finished building: ../src/bullet.cpp
 
Building file: ../src/get_data.cpp
Invoking: Cross G++ Compiler
g++ -O0 -g3 -Wall -c -fmessage-length=0 -MMD -MP -MF"src/get_data.d" -MT"src/get_data.o" -o "src/get_data.o" "../src/get_data.cpp"
Finished building: ../src/get_data.cpp
 
Building file: ../src/mob.cpp
Invoking: Cross G++ Compiler
g++ -O0 -g3 -Wall -c -fmessage-length=0 -MMD -MP -MF"src/mob.d" -MT"src/mob.o" -o "src/mob.o" "../src/mob.cpp"
Finished building: ../src/mob.cpp
 
Building file: ../src/object.cpp
Invoking: Cross G++ Compiler
g++ -O0 -g3 -Wall -c -fmessage-length=0 -MMD -MP -MF"src/object.d" -MT"src/object.o" -o "src/object.o" "../src/object.cpp"
../src/object.cpp: メンバ関数 ‘void object::move(float, float, float)’ 内:
../src/object.cpp:303:13: 警告: 使用されない変数 ‘flag’ です [-Wunused-variable]
../src/object.cpp: 大域スコープ:
../src/object.cpp:17:16: 警告: ‘lightpos’ が定義されましたが使用されません [-Wunused-variable]
../src/object.cpp:18:16: 警告: ‘lightDiffuse’ が定義されましたが使用されません [-Wunused-variable]
../src/object.cpp:19:16: 警告: ‘lightAmbient’ が定義されましたが使用されません [-Wunused-variable]
../src/object.cpp:20:16: 警告: ‘lightSpecular’ が定義されましたが使用されません [-Wunused-variable]
Finished building: ../src/object.cpp
 
Building file: ../src/server.cpp
Invoking: Cross G++ Compiler
g++ -O0 -g3 -Wall -c -fmessage-length=0 -MMD -MP -MF"src/server.d" -MT"src/server.o" -o "src/server.o" "../src/server.cpp"
Finished building: ../src/server.cpp
 
Building file: ../src/server_main.cpp
Invoking: Cross G++ Compiler
g++ -O0 -g3 -Wall -c -fmessage-length=0 -MMD -MP -MF"src/server_main.d" -MT"src/server_main.o" -o "src/server_main.o" "../src/server_main.cpp"
Finished building: ../src/server_main.cpp
 
Building target: server
Invoking: Cross G++ Linker
g++ -Lusr/lib -o "server"  ./src/OBB.o ./src/bullet.o ./src/checkObjectHit.o ./src/fps.o ./src/get_data.o ./src/glm.o ./src/map.o ./src/mob.o ./src/object.o ./src/server.o ./src/server_main.o   -lSDL -lpng -lz -lSDL_ttf -lGLU -lglut -lGL -lSDL_image -lSDL_mixer
Finished building target: server
 
15:14:34 **** インクリメンタル・ビルド of configuration Debug for project server ****
make all 
Building file: ../src/get_data.cpp
Invoking: Cross G++ Compiler
g++ -O0 -g3 -Wall -c -fmessage-length=0 -MMD -MP -MF"src/get_data.d" -MT"src/get_data.o" -o "src/get_data.o" "../src/get_data.cpp"
Finished building: ../src/get_data.cpp
 
Building file: ../src/server.cpp
Invoking: Cross G++ Compiler
g++ -O0 -g3 -Wall -c -fmessage-length=0 -MMD -MP -MF"src/server.d" -MT"src/server.o" -o "src/server.o" "../src/server.cpp"
Finished building: ../src/server.cpp
 
Building file: ../src/server_main.cpp
Invoking: Cross G++ Compiler
g++ -O0 -g3 -Wall -c -fmessage-length=0 -MMD -MP -MF"src/server_main.d" -MT"src/server_main.o" -o "src/server_main.o" "../src/server_main.cpp"
Finished building: ../src/server_main.cpp
 
Building target: server
Invoking: Cross G++ Linker
g++ -Lusr/lib -o "server"  ./src/OBB.o ./src/bullet.o ./src/checkObjectHit.o ./src/fps.o ./src/get_data.o ./src/glm.o ./src/map.o ./src/mob.o ./src/object.o ./src/server.o ./src/server_main.o   -lSDL -lpng -lz -lSDL_ttf -lGLU -lglut -lGL -lSDL_image -lSDL_mixer
Finished building target: server
 
15:17:07 **** インクリメンタル・ビルド of configuration Debug for project server ****
make all 
Building file: ../src/bullet.cpp
Invoking: Cross G++ Compiler
g++ -O0 -g3 -Wall -c -fmessage-length=0 -MMD -MP -MF"src/bullet.d" -MT"src/bullet.o" -o "src/bullet.o" "../src/bullet.cpp"
Finished building: ../src/bullet.cpp
 
Building file: ../src/get_data.cpp
Invoking: Cross G++ Compiler
g++ -O0 -g3 -Wall -c -fmessage-length=0 -MMD -MP -MF"src/get_data.d" -MT"src/get_data.o" -o "src/get_data.o" "../src/get_data.cpp"
Finished building: ../src/get_data.cpp
 
Building file: ../src/mob.cpp
Invoking: Cross G++ Compiler
g++ -O0 -g3 -Wall -c -fmessage-length=0 -MMD -MP -MF"src/mob.d" -MT"src/mob.o" -o "src/mob.o" "../src/mob.cpp"
Finished building: ../src/mob.cpp
 
Building file: ../src/object.cpp
Invoking: Cross G++ Compiler
g++ -O0 -g3 -Wall -c -fmessage-length=0 -MMD -MP -MF"src/object.d" -MT"src/object.o" -o "src/object.o" "../src/object.cpp"
../src/object.cpp: メンバ関数 ‘void object::move(float, float, float)’ 内:
../src/object.cpp:303:13: 警告: 使用されない変数 ‘flag’ です [-Wunused-variable]
../src/object.cpp: 大域スコープ:
../src/object.cpp:17:16: 警告: ‘lightpos’ が定義されましたが使用されません [-Wunused-variable]
../src/object.cpp:18:16: 警告: ‘lightDiffuse’ が定義されましたが使用されません [-Wunused-variable]
../src/object.cpp:19:16: 警告: ‘lightAmbient’ が定義されましたが使用されません [-Wunused-variable]
../src/object.cpp:20:16: 警告: ‘lightSpecular’ が定義されましたが使用されません [-Wunused-variable]
Finished building: ../src/object.cpp
 
Building file: ../src/server.cpp
Invoking: Cross G++ Compiler
g++ -O0 -g3 -Wall -c -fmessage-length=0 -MMD -MP -MF"src/server.d" -MT"src/server.o" -o "src/server.o" "../src/server.cpp"
Finished building: ../src/server.cpp
 
Building file: ../src/server_main.cpp
Invoking: Cross G++ Compiler
g++ -O0 -g3 -Wall -c -fmessage-length=0 -MMD -MP -MF"src/server_main.d" -MT"src/server_main.o" -o "src/server_main.o" "../src/server_main.cpp"
Finished building: ../src/server_main.cpp
 
Building target: server
Invoking: Cross G++ Linker
g++ -Lusr/lib -o "server"  ./src/OBB.o ./src/bullet.o ./src/checkObjectHit.o ./src/fps.o ./src/get_data.o ./src/glm.o ./src/map.o ./src/mob.o ./src/object.o ./src/server.o ./src/server_main.o   -lSDL -lpng -lz -lSDL_ttf -lGLU -lglut -lGL -lSDL_image -lSDL_mixer
Finished building target: server
 
15:17:41 **** インクリメンタル・ビルド of configuration Debug for project server ****
make all 
Building file: ../src/get_data.cpp
Invoking: Cross G++ Compiler
g++ -O0 -g3 -Wall -c -fmessage-length=0 -MMD -MP -MF"src/get_data.d" -MT"src/get_data.o" -o "src/get_data.o" "../src/get_data.cpp"
Finished building: ../src/get_data.cpp
 
Building file: ../src/server.cpp
Invoking: Cross G++ Compiler
g++ -O0 -g3 -Wall -c -fmessage-length=0 -MMD -MP -MF"src/server.d" -MT"src/server.o" -o "src/server.o" "../src/server.cpp"
Finished building: ../src/server.cpp
 
Building file: ../src/server_main.cpp
Invoking: Cross G++ Compiler
g++ -O0 -g3 -Wall -c -fmessage-length=0 -MMD -MP -MF"src/server_main.d" -MT"src/server_main.o" -o "src/server_main.o" "../src/server_main.cpp"
Finished building: ../src/server_main.cpp
 
Building target: server
Invoking: Cross G++ Linker
g++ -Lusr/lib -o "server"  ./src/OBB.o ./src/bullet.o ./src/checkObjectHit.o ./src/fps.o ./src/get_data.o ./src/glm.o ./src/map.o ./src/mob.o ./src/object.o ./src/server.o ./src/server_main.o   -lSDL -lpng -lz -lSDL_ttf -lGLU -lglut -lGL -lSDL_image -lSDL_mixer
Finished building target: server
 
15:21:42 **** インクリメンタル・ビルド of configuration Debug for project server ****
make all 
Building file: ../src/get_data.cpp
Invoking: Cross G++ Compiler
g++ -O0 -g3 -Wall -c -fmessage-length=0 -MMD -MP -MF"src/get_data.d" -MT"src/get_data.o" -o "src/get_data.o" "../src/get_data.cpp"
In file included from ../src/get_data.h:11:0,
                 from ../src/get_data.cpp:8:
../src/net_common.h:101:23: エラー: ‘MOVABLE’ was not declared in this scope
../src/get_data.cpp: 関数 ‘void set_MapData(int, S_CONTAINER*)’ 内:
../src/get_data.cpp:49:10: エラー: ‘struct S_CONTAINER’ has no member named ‘movablemapobj’
../src/get_data.cpp:50:10: エラー: ‘struct S_CONTAINER’ has no member named ‘movablemapobj’
../src/get_data.cpp:51:10: エラー: ‘struct S_CONTAINER’ has no member named ‘movablemapobj’
make: *** [src/get_data.o] エラー 1
15:21:46 **** インクリメンタル・ビルド of configuration Debug for project server ****
make all 
Building file: ../src/get_data.cpp
Invoking: Cross G++ Compiler
g++ -O0 -g3 -Wall -c -fmessage-length=0 -MMD -MP -MF"src/get_data.d" -MT"src/get_data.o" -o "src/get_data.o" "../src/get_data.cpp"
In file included from ../src/get_data.h:11:0,
                 from ../src/get_data.cpp:8:
../src/net_common.h:101:23: エラー: ‘MOVABLE’ was not declared in this scope
../src/get_data.cpp: 関数 ‘void set_MapData(int, S_CONTAINER*)’ 内:
../src/get_data.cpp:49:10: エラー: ‘struct S_CONTAINER’ has no member named ‘movablemapobj’
../src/get_data.cpp:50:10: エラー: ‘struct S_CONTAINER’ has no member named ‘movablemapobj’
../src/get_data.cpp:51:10: エラー: ‘struct S_CONTAINER’ has no member named ‘movablemapobj’
make: *** [src/get_data.o] エラー 1
15:21:51 **** インクリメンタル・ビルド of configuration Debug for project server ****
make all 
Building file: ../src/get_data.cpp
Invoking: Cross G++ Compiler
g++ -O0 -g3 -Wall -c -fmessage-length=0 -MMD -MP -MF"src/get_data.d" -MT"src/get_data.o" -o "src/get_data.o" "../src/get_data.cpp"
In file included from ../src/get_data.h:11:0,
                 from ../src/get_data.cpp:8:
../src/net_common.h:101:23: エラー: ‘MOVABLE’ was not declared in this scope
../src/get_data.cpp: 関数 ‘void set_MapData(int, S_CONTAINER*)’ 内:
../src/get_data.cpp:46:16: エラー: ‘MOVABLE’ was not declared in this scope
../src/get_data.cpp:49:10: エラー: ‘struct S_CONTAINER’ has no member named ‘movablemapobj’
../src/get_data.cpp:50:10: エラー: ‘struct S_CONTAINER’ has no member named ‘movablemapobj’
../src/get_data.cpp:51:10: エラー: ‘struct S_CONTAINER’ has no member named ‘movablemapobj’
make: *** [src/get_data.o] エラー 1
15:22:15 **** インクリメンタル・ビルド of configuration Debug for project server ****
make all 
Building file: ../src/bullet.cpp
Invoking: Cross G++ Compiler
g++ -O0 -g3 -Wall -c -fmessage-length=0 -MMD -MP -MF"src/bullet.d" -MT"src/bullet.o" -o "src/bullet.o" "../src/bullet.cpp"
Finished building: ../src/bullet.cpp
 
Building file: ../src/checkObjectHit.cpp
Invoking: Cross G++ Compiler
g++ -O0 -g3 -Wall -c -fmessage-length=0 -MMD -MP -MF"src/checkObjectHit.d" -MT"src/checkObjectHit.o" -o "src/checkObjectHit.o" "../src/checkObjectHit.cpp"
Finished building: ../src/checkObjectHit.cpp
 
Building file: ../src/get_data.cpp
Invoking: Cross G++ Compiler
g++ -O0 -g3 -Wall -c -fmessage-length=0 -MMD -MP -MF"src/get_data.d" -MT"src/get_data.o" -o "src/get_data.o" "../src/get_data.cpp"
Finished building: ../src/get_data.cpp
 
Building file: ../src/map.cpp
Invoking: Cross G++ Compiler
g++ -O0 -g3 -Wall -c -fmessage-length=0 -MMD -MP -MF"src/map.d" -MT"src/map.o" -o "src/map.o" "../src/map.cpp"
Finished building: ../src/map.cpp
 
Building file: ../src/mob.cpp
Invoking: Cross G++ Compiler
g++ -O0 -g3 -Wall -c -fmessage-length=0 -MMD -MP -MF"src/mob.d" -MT"src/mob.o" -o "src/mob.o" "../src/mob.cpp"
Finished building: ../src/mob.cpp
 
Building file: ../src/object.cpp
Invoking: Cross G++ Compiler
g++ -O0 -g3 -Wall -c -fmessage-length=0 -MMD -MP -MF"src/object.d" -MT"src/object.o" -o "src/object.o" "../src/object.cpp"
../src/object.cpp: メンバ関数 ‘void object::move(float, float, float)’ 内:
../src/object.cpp:303:13: 警告: 使用されない変数 ‘flag’ です [-Wunused-variable]
../src/object.cpp: 大域スコープ:
../src/object.cpp:17:16: 警告: ‘lightpos’ が定義されましたが使用されません [-Wunused-variable]
../src/object.cpp:18:16: 警告: ‘lightDiffuse’ が定義されましたが使用されません [-Wunused-variable]
../src/object.cpp:19:16: 警告: ‘lightAmbient’ が定義されましたが使用されません [-Wunused-variable]
../src/object.cpp:20:16: 警告: ‘lightSpecular’ が定義されましたが使用されません [-Wunused-variable]
Finished building: ../src/object.cpp
 
Building file: ../src/server.cpp
Invoking: Cross G++ Compiler
g++ -O0 -g3 -Wall -c -fmessage-length=0 -MMD -MP -MF"src/server.d" -MT"src/server.o" -o "src/server.o" "../src/server.cpp"
Finished building: ../src/server.cpp
 
Building file: ../src/server_main.cpp
Invoking: Cross G++ Compiler
g++ -O0 -g3 -Wall -c -fmessage-length=0 -MMD -MP -MF"src/server_main.d" -MT"src/server_main.o" -o "src/server_main.o" "../src/server_main.cpp"
Finished building: ../src/server_main.cpp
 
Building target: server
Invoking: Cross G++ Linker
g++ -Lusr/lib -o "server"  ./src/OBB.o ./src/bullet.o ./src/checkObjectHit.o ./src/fps.o ./src/get_data.o ./src/glm.o ./src/map.o ./src/mob.o ./src/object.o ./src/server.o ./src/server_main.o   -lSDL -lpng -lz -lSDL_ttf -lGLU -lglut -lGL -lSDL_image -lSDL_mixer
Finished building target: server
 
15:22:19 **** インクリメンタル・ビルド of configuration Debug for project server ****
make all 
make: `all' に対して行うべき事はありません.
15:22:24 **** インクリメンタル・ビルド of configuration Debug for project server ****
make all 
make: `all' に対して行うべき事はありません.
15:22:27 **** インクリメンタル・ビルド of configuration Debug for project server ****
make all 
make: `all' に対して行うべき事はありません.
15:24:29 **** インクリメンタル・ビルド of configuration Debug for project server ****
make all 
make: `all' に対して行うべき事はありません.
15:24:35 **** インクリメンタル・ビルド of configuration Debug for project server ****
make all 
make: `all' に対して行うべき事はありません.
15:24:40 **** インクリメンタル・ビルド of configuration Debug for project server ****
make all 
make: `all' に対して行うべき事はありません.
15:25:16 **** インクリメンタル・ビルド of configuration Debug for project server ****
make all 
Building file: ../src/map.cpp
Invoking: Cross G++ Compiler
g++ -O0 -g3 -Wall -c -fmessage-length=0 -MMD -MP -MF"src/map.d" -MT"src/map.o" -o "src/map.o" "../src/map.cpp"
../src/map.cpp: メンバ関数 ‘void map::Initialize()’ 内:
../src/map.cpp:449:23: エラー: ‘set_Baseno’ was not declared in this scope
make: *** [src/map.o] エラー 1
15:25:20 **** インクリメンタル・ビルド of configuration Debug for project server ****
make all 
Building file: ../src/map.cpp
Invoking: Cross G++ Compiler
g++ -O0 -g3 -Wall -c -fmessage-length=0 -MMD -MP -MF"src/map.d" -MT"src/map.o" -o "src/map.o" "../src/map.cpp"
../src/map.cpp: メンバ関数 ‘void map::Initialize()’ 内:
../src/map.cpp:449:23: エラー: ‘set_Baseno’ was not declared in this scope
make: *** [src/map.o] エラー 1
15:25:27 **** インクリメンタル・ビルド of configuration Debug for project server ****
make all 
Building file: ../src/map.cpp
Invoking: Cross G++ Compiler
g++ -O0 -g3 -Wall -c -fmessage-length=0 -MMD -MP -MF"src/map.d" -MT"src/map.o" -o "src/map.o" "../src/map.cpp"
../src/map.cpp:423:44: エラー: no ‘void map::set_Baseno(Team, int)’ member function declared in class ‘map’
../src/map.cpp: メンバ関数 ‘void map::Initialize()’ 内:
../src/map.cpp:449:23: エラー: ‘set_Baseno’ was not declared in this scope
make: *** [src/map.o] エラー 1
15:25:37 **** インクリメンタル・ビルド of configuration Debug for project server ****
make all 
Building file: ../src/bullet.cpp
Invoking: Cross G++ Compiler
g++ -O0 -g3 -Wall -c -fmessage-length=0 -MMD -MP -MF"src/bullet.d" -MT"src/bullet.o" -o "src/bullet.o" "../src/bullet.cpp"
Finished building: ../src/bullet.cpp
 
Building file: ../src/checkObjectHit.cpp
Invoking: Cross G++ Compiler
g++ -O0 -g3 -Wall -c -fmessage-length=0 -MMD -MP -MF"src/checkObjectHit.d" -MT"src/checkObjectHit.o" -o "src/checkObjectHit.o" "../src/checkObjectHit.cpp"
Finished building: ../src/checkObjectHit.cpp
 
Building file: ../src/get_data.cpp
Invoking: Cross G++ Compiler
g++ -O0 -g3 -Wall -c -fmessage-length=0 -MMD -MP -MF"src/get_data.d" -MT"src/get_data.o" -o "src/get_data.o" "../src/get_data.cpp"
Finished building: ../src/get_data.cpp
 
Building file: ../src/map.cpp
Invoking: Cross G++ Compiler
g++ -O0 -g3 -Wall -c -fmessage-length=0 -MMD -MP -MF"src/map.d" -MT"src/map.o" -o "src/map.o" "../src/map.cpp"
Finished building: ../src/map.cpp
 
Building file: ../src/mob.cpp
Invoking: Cross G++ Compiler
g++ -O0 -g3 -Wall -c -fmessage-length=0 -MMD -MP -MF"src/mob.d" -MT"src/mob.o" -o "src/mob.o" "../src/mob.cpp"
Finished building: ../src/mob.cpp
 
Building file: ../src/object.cpp
Invoking: Cross G++ Compiler
g++ -O0 -g3 -Wall -c -fmessage-length=0 -MMD -MP -MF"src/object.d" -MT"src/object.o" -o "src/object.o" "../src/object.cpp"
../src/object.cpp: メンバ関数 ‘void object::move(float, float, float)’ 内:
../src/object.cpp:303:13: 警告: 使用されない変数 ‘flag’ です [-Wunused-variable]
../src/object.cpp: 大域スコープ:
../src/object.cpp:17:16: 警告: ‘lightpos’ が定義されましたが使用されません [-Wunused-variable]
../src/object.cpp:18:16: 警告: ‘lightDiffuse’ が定義されましたが使用されません [-Wunused-variable]
../src/object.cpp:19:16: 警告: ‘lightAmbient’ が定義されましたが使用されません [-Wunused-variable]
../src/object.cpp:20:16: 警告: ‘lightSpecular’ が定義されましたが使用されません [-Wunused-variable]
Finished building: ../src/object.cpp
 
Building file: ../src/server.cpp
Invoking: Cross G++ Compiler
g++ -O0 -g3 -Wall -c -fmessage-length=0 -MMD -MP -MF"src/server.d" -MT"src/server.o" -o "src/server.o" "../src/server.cpp"
Finished building: ../src/server.cpp
 
Building file: ../src/server_main.cpp
Invoking: Cross G++ Compiler
g++ -O0 -g3 -Wall -c -fmessage-length=0 -MMD -MP -MF"src/server_main.d" -MT"src/server_main.o" -o "src/server_main.o" "../src/server_main.cpp"
Finished building: ../src/server_main.cpp
 
Building target: server
Invoking: Cross G++ Linker
g++ -Lusr/lib -o "server"  ./src/OBB.o ./src/bullet.o ./src/checkObjectHit.o ./src/fps.o ./src/get_data.o ./src/glm.o ./src/map.o ./src/mob.o ./src/object.o ./src/server.o ./src/server_main.o   -lSDL -lpng -lz -lSDL_ttf -lGLU -lglut -lGL -lSDL_image -lSDL_mixer
Finished building target: server
 
15:25:44 **** インクリメンタル・ビルド of configuration Debug for project server ****
make all 
make: `all' に対して行うべき事はありません.
15:25:50 **** インクリメンタル・ビルド of configuration Debug for project server ****
make all 
make: `all' に対して行うべき事はありません.
15:27:31 **** インクリメンタル・ビルド of configuration Debug for project server ****
make all 
Building file: ../src/get_data.cpp
Invoking: Cross G++ Compiler
g++ -O0 -g3 -Wall -c -fmessage-length=0 -MMD -MP -MF"src/get_data.d" -MT"src/get_data.o" -o "src/get_data.o" "../src/get_data.cpp"
Finished building: ../src/get_data.cpp
 
Building file: ../src/server.cpp
Invoking: Cross G++ Compiler
g++ -O0 -g3 -Wall -c -fmessage-length=0 -MMD -MP -MF"src/server.d" -MT"src/server.o" -o "src/server.o" "../src/server.cpp"
Finished building: ../src/server.cpp
 
Building file: ../src/server_main.cpp
Invoking: Cross G++ Compiler
g++ -O0 -g3 -Wall -c -fmessage-length=0 -MMD -MP -MF"src/server_main.d" -MT"src/server_main.o" -o "src/server_main.o" "../src/server_main.cpp"
Finished building: ../src/server_main.cpp
 
Building target: server
Invoking: Cross G++ Linker
g++ -Lusr/lib -o "server"  ./src/OBB.o ./src/bullet.o ./src/checkObjectHit.o ./src/fps.o ./src/get_data.o ./src/glm.o ./src/map.o ./src/mob.o ./src/object.o ./src/server.o ./src/server_main.o   -lSDL -lpng -lz -lSDL_ttf -lGLU -lglut -lGL -lSDL_image -lSDL_mixer
Finished building target: server
 
15:27:40 **** インクリメンタル・ビルド of configuration Debug for project server ****
make all 
Building file: ../src/bullet.cpp
Invoking: Cross G++ Compiler
g++ -O0 -g3 -Wall -c -fmessage-length=0 -MMD -MP -MF"src/bullet.d" -MT"src/bullet.o" -o "src/bullet.o" "../src/bullet.cpp"
Finished building: ../src/bullet.cpp
 
Building file: ../src/get_data.cpp
Invoking: Cross G++ Compiler
g++ -O0 -g3 -Wall -c -fmessage-length=0 -MMD -MP -MF"src/get_data.d" -MT"src/get_data.o" -o "src/get_data.o" "../src/get_data.cpp"
Finished building: ../src/get_data.cpp
 
Building file: ../src/mob.cpp
Invoking: Cross G++ Compiler
g++ -O0 -g3 -Wall -c -fmessage-length=0 -MMD -MP -MF"src/mob.d" -MT"src/mob.o" -o "src/mob.o" "../src/mob.cpp"
Finished building: ../src/mob.cpp
 
Building file: ../src/object.cpp
Invoking: Cross G++ Compiler
g++ -O0 -g3 -Wall -c -fmessage-length=0 -MMD -MP -MF"src/object.d" -MT"src/object.o" -o "src/object.o" "../src/object.cpp"
../src/object.cpp: メンバ関数 ‘void object::move(float, float, float)’ 内:
../src/object.cpp:303:13: 警告: 使用されない変数 ‘flag’ です [-Wunused-variable]
../src/object.cpp: 大域スコープ:
../src/object.cpp:17:16: 警告: ‘lightpos’ が定義されましたが使用されません [-Wunused-variable]
../src/object.cpp:18:16: 警告: ‘lightDiffuse’ が定義されましたが使用されません [-Wunused-variable]
../src/object.cpp:19:16: 警告: ‘lightAmbient’ が定義されましたが使用されません [-Wunused-variable]
../src/object.cpp:20:16: 警告: ‘lightSpecular’ が定義されましたが使用されません [-Wunused-variable]
Finished building: ../src/object.cpp
 
Building file: ../src/server.cpp
Invoking: Cross G++ Compiler
g++ -O0 -g3 -Wall -c -fmessage-length=0 -MMD -MP -MF"src/server.d" -MT"src/server.o" -o "src/server.o" "../src/server.cpp"
Finished building: ../src/server.cpp
 
Building file: ../src/server_main.cpp
Invoking: Cross G++ Compiler
g++ -O0 -g3 -Wall -c -fmessage-length=0 -MMD -MP -MF"src/server_main.d" -MT"src/server_main.o" -o "src/server_main.o" "../src/server_main.cpp"
Finished building: ../src/server_main.cpp
 
Building target: server
Invoking: Cross G++ Linker
g++ -Lusr/lib -o "server"  ./src/OBB.o ./src/bullet.o ./src/checkObjectHit.o ./src/fps.o ./src/get_data.o ./src/glm.o ./src/map.o ./src/mob.o ./src/object.o ./src/server.o ./src/server_main.o   -lSDL -lpng -lz -lSDL_ttf -lGLU -lglut -lGL -lSDL_image -lSDL_mixer
Finished building target: server
 
15:27:48 **** インクリメンタル・ビルド of configuration Debug for project server ****
make all 
Building file: ../src/get_data.cpp
Invoking: Cross G++ Compiler
g++ -O0 -g3 -Wall -c -fmessage-length=0 -MMD -MP -MF"src/get_data.d" -MT"src/get_data.o" -o "src/get_data.o" "../src/get_data.cpp"
Finished building: ../src/get_data.cpp
 
Building file: ../src/server.cpp
Invoking: Cross G++ Compiler
g++ -O0 -g3 -Wall -c -fmessage-length=0 -MMD -MP -MF"src/server.d" -MT"src/server.o" -o "src/server.o" "../src/server.cpp"
Finished building: ../src/server.cpp
 
Building file: ../src/server_main.cpp
Invoking: Cross G++ Compiler
g++ -O0 -g3 -Wall -c -fmessage-length=0 -MMD -MP -MF"src/server_main.d" -MT"src/server_main.o" -o "src/server_main.o" "../src/server_main.cpp"
Finished building: ../src/server_main.cpp
 
Building target: server
Invoking: Cross G++ Linker
g++ -Lusr/lib -o "server"  ./src/OBB.o ./src/bullet.o ./src/checkObjectHit.o ./src/fps.o ./src/get_data.o ./src/glm.o ./src/map.o ./src/mob.o ./src/object.o ./src/server.o ./src/server_main.o   -lSDL -lpng -lz -lSDL_ttf -lGLU -lglut -lGL -lSDL_image -lSDL_mixer
Finished building target: server
 
15:27:54 **** インクリメンタル・ビルド of configuration Debug for project server ****
make all 
Building file: ../src/get_data.cpp
Invoking: Cross G++ Compiler
g++ -O0 -g3 -Wall -c -fmessage-length=0 -MMD -MP -MF"src/get_data.d" -MT"src/get_data.o" -o "src/get_data.o" "../src/get_data.cpp"
Finished building: ../src/get_data.cpp
 
Building file: ../src/server.cpp
Invoking: Cross G++ Compiler
g++ -O0 -g3 -Wall -c -fmessage-length=0 -MMD -MP -MF"src/server.d" -MT"src/server.o" -o "src/server.o" "../src/server.cpp"
Finished building: ../src/server.cpp
 
Building file: ../src/server_main.cpp
Invoking: Cross G++ Compiler
g++ -O0 -g3 -Wall -c -fmessage-length=0 -MMD -MP -MF"src/server_main.d" -MT"src/server_main.o" -o "src/server_main.o" "../src/server_main.cpp"
Finished building: ../src/server_main.cpp
 
Building target: server
Invoking: Cross G++ Linker
g++ -Lusr/lib -o "server"  ./src/OBB.o ./src/bullet.o ./src/checkObjectHit.o ./src/fps.o ./src/get_data.o ./src/glm.o ./src/map.o ./src/mob.o ./src/object.o ./src/server.o ./src/server_main.o   -lSDL -lpng -lz -lSDL_ttf -lGLU -lglut -lGL -lSDL_image -lSDL_mixer
Finished building target: server
 
15:28:41 **** インクリメンタル・ビルド of configuration Debug for project server ****
make all 
Building file: ../src/bullet.cpp
Invoking: Cross G++ Compiler
g++ -O0 -g3 -Wall -c -fmessage-length=0 -MMD -MP -MF"src/bullet.d" -MT"src/bullet.o" -o "src/bullet.o" "../src/bullet.cpp"
Finished building: ../src/bullet.cpp
 
Building file: ../src/get_data.cpp
Invoking: Cross G++ Compiler
g++ -O0 -g3 -Wall -c -fmessage-length=0 -MMD -MP -MF"src/get_data.d" -MT"src/get_data.o" -o "src/get_data.o" "../src/get_data.cpp"
Finished building: ../src/get_data.cpp
 
Building file: ../src/mob.cpp
Invoking: Cross G++ Compiler
g++ -O0 -g3 -Wall -c -fmessage-length=0 -MMD -MP -MF"src/mob.d" -MT"src/mob.o" -o "src/mob.o" "../src/mob.cpp"
Finished building: ../src/mob.cpp
 
Building file: ../src/object.cpp
Invoking: Cross G++ Compiler
g++ -O0 -g3 -Wall -c -fmessage-length=0 -MMD -MP -MF"src/object.d" -MT"src/object.o" -o "src/object.o" "../src/object.cpp"
../src/object.cpp: メンバ関数 ‘void object::move(float, float, float)’ 内:
../src/object.cpp:303:13: 警告: 使用されない変数 ‘flag’ です [-Wunused-variable]
../src/object.cpp: 大域スコープ:
../src/object.cpp:17:16: 警告: ‘lightpos’ が定義されましたが使用されません [-Wunused-variable]
../src/object.cpp:18:16: 警告: ‘lightDiffuse’ が定義されましたが使用されません [-Wunused-variable]
../src/object.cpp:19:16: 警告: ‘lightAmbient’ が定義されましたが使用されません [-Wunused-variable]
../src/object.cpp:20:16: 警告: ‘lightSpecular’ が定義されましたが使用されません [-Wunused-variable]
Finished building: ../src/object.cpp
 
Building file: ../src/server.cpp
Invoking: Cross G++ Compiler
g++ -O0 -g3 -Wall -c -fmessage-length=0 -MMD -MP -MF"src/server.d" -MT"src/server.o" -o "src/server.o" "../src/server.cpp"
Finished building: ../src/server.cpp
 
Building file: ../src/server_main.cpp
Invoking: Cross G++ Compiler
g++ -O0 -g3 -Wall -c -fmessage-length=0 -MMD -MP -MF"src/server_main.d" -MT"src/server_main.o" -o "src/server_main.o" "../src/server_main.cpp"
Finished building: ../src/server_main.cpp
 
Building target: server
Invoking: Cross G++ Linker
g++ -Lusr/lib -o "server"  ./src/OBB.o ./src/bullet.o ./src/checkObjectHit.o ./src/fps.o ./src/get_data.o ./src/glm.o ./src/map.o ./src/mob.o ./src/object.o ./src/server.o ./src/server_main.o   -lSDL -lpng -lz -lSDL_ttf -lGLU -lglut -lGL -lSDL_image -lSDL_mixer
Finished building target: server
 
15:29:15 **** インクリメンタル・ビルド of configuration Debug for project server ****
make all 
Building file: ../src/bullet.cpp
Invoking: Cross G++ Compiler
g++ -O0 -g3 -Wall -c -fmessage-length=0 -MMD -MP -MF"src/bullet.d" -MT"src/bullet.o" -o "src/bullet.o" "../src/bullet.cpp"
Finished building: ../src/bullet.cpp
 
Building file: ../src/get_data.cpp
Invoking: Cross G++ Compiler
g++ -O0 -g3 -Wall -c -fmessage-length=0 -MMD -MP -MF"src/get_data.d" -MT"src/get_data.o" -o "src/get_data.o" "../src/get_data.cpp"
Finished building: ../src/get_data.cpp
 
Building file: ../src/mob.cpp
Invoking: Cross G++ Compiler
g++ -O0 -g3 -Wall -c -fmessage-length=0 -MMD -MP -MF"src/mob.d" -MT"src/mob.o" -o "src/mob.o" "../src/mob.cpp"
Finished building: ../src/mob.cpp
 
Building file: ../src/object.cpp
Invoking: Cross G++ Compiler
g++ -O0 -g3 -Wall -c -fmessage-length=0 -MMD -MP -MF"src/object.d" -MT"src/object.o" -o "src/object.o" "../src/object.cpp"
../src/object.cpp: メンバ関数 ‘void object::move(float, float, float)’ 内:
../src/object.cpp:303:13: 警告: 使用されない変数 ‘flag’ です [-Wunused-variable]
../src/object.cpp: 大域スコープ:
../src/object.cpp:17:16: 警告: ‘lightpos’ が定義されましたが使用されません [-Wunused-variable]
../src/object.cpp:18:16: 警告: ‘lightDiffuse’ が定義されましたが使用されません [-Wunused-variable]
../src/object.cpp:19:16: 警告: ‘lightAmbient’ が定義されましたが使用されません [-Wunused-variable]
../src/object.cpp:20:16: 警告: ‘lightSpecular’ が定義されましたが使用されません [-Wunused-variable]
Finished building: ../src/object.cpp
 
Building file: ../src/server.cpp
Invoking: Cross G++ Compiler
g++ -O0 -g3 -Wall -c -fmessage-length=0 -MMD -MP -MF"src/server.d" -MT"src/server.o" -o "src/server.o" "../src/server.cpp"
Finished building: ../src/server.cpp
 
Building file: ../src/server_main.cpp
Invoking: Cross G++ Compiler
g++ -O0 -g3 -Wall -c -fmessage-length=0 -MMD -MP -MF"src/server_main.d" -MT"src/server_main.o" -o "src/server_main.o" "../src/server_main.cpp"
Finished building: ../src/server_main.cpp
 
Building target: server
Invoking: Cross G++ Linker
g++ -Lusr/lib -o "server"  ./src/OBB.o ./src/bullet.o ./src/checkObjectHit.o ./src/fps.o ./src/get_data.o ./src/glm.o ./src/map.o ./src/mob.o ./src/object.o ./src/server.o ./src/server_main.o   -lSDL -lpng -lz -lSDL_ttf -lGLU -lglut -lGL -lSDL_image -lSDL_mixer
Finished building target: server
 
15:29:20 **** インクリメンタル・ビルド of configuration Debug for project server ****
make all 
make: `all' に対して行うべき事はありません.
15:32:46 **** インクリメンタル・ビルド of configuration Debug for project server ****
make all 
Building file: ../src/get_data.cpp
Invoking: Cross G++ Compiler
g++ -O0 -g3 -Wall -c -fmessage-length=0 -MMD -MP -MF"src/get_data.d" -MT"src/get_data.o" -o "src/get_data.o" "../src/get_data.cpp"
Finished building: ../src/get_data.cpp
 
Building file: ../src/server.cpp
Invoking: Cross G++ Compiler
g++ -O0 -g3 -Wall -c -fmessage-length=0 -MMD -MP -MF"src/server.d" -MT"src/server.o" -o "src/server.o" "../src/server.cpp"
Finished building: ../src/server.cpp
 
Building file: ../src/server_main.cpp
Invoking: Cross G++ Compiler
g++ -O0 -g3 -Wall -c -fmessage-length=0 -MMD -MP -MF"src/server_main.d" -MT"src/server_main.o" -o "src/server_main.o" "../src/server_main.cpp"
Finished building: ../src/server_main.cpp
 
Building target: server
Invoking: Cross G++ Linker
g++ -Lusr/lib -o "server"  ./src/OBB.o ./src/bullet.o ./src/checkObjectHit.o ./src/fps.o ./src/get_data.o ./src/glm.o ./src/map.o ./src/mob.o ./src/object.o ./src/server.o ./src/server_main.o   -lSDL -lpng -lz -lSDL_ttf -lGLU -lglut -lGL -lSDL_image -lSDL_mixer
Finished building target: server
 
15:34:42 **** インクリメンタル・ビルド of configuration Debug for project server ****
make all 
Building file: ../src/get_data.cpp
Invoking: Cross G++ Compiler
g++ -O0 -g3 -Wall -c -fmessage-length=0 -MMD -MP -MF"src/get_data.d" -MT"src/get_data.o" -o "src/get_data.o" "../src/get_data.cpp"
Finished building: ../src/get_data.cpp
 
Building file: ../src/server.cpp
Invoking: Cross G++ Compiler
g++ -O0 -g3 -Wall -c -fmessage-length=0 -MMD -MP -MF"src/server.d" -MT"src/server.o" -o "src/server.o" "../src/server.cpp"
Finished building: ../src/server.cpp
 
Building file: ../src/server_main.cpp
Invoking: Cross G++ Compiler
g++ -O0 -g3 -Wall -c -fmessage-length=0 -MMD -MP -MF"src/server_main.d" -MT"src/server_main.o" -o "src/server_main.o" "../src/server_main.cpp"
Finished building: ../src/server_main.cpp
 
Building target: server
Invoking: Cross G++ Linker
g++ -Lusr/lib -o "server"  ./src/OBB.o ./src/bullet.o ./src/checkObjectHit.o ./src/fps.o ./src/get_data.o ./src/glm.o ./src/map.o ./src/mob.o ./src/object.o ./src/server.o ./src/server_main.o   -lSDL -lpng -lz -lSDL_ttf -lGLU -lglut -lGL -lSDL_image -lSDL_mixer
Finished building target: server
 
15:35:07 **** インクリメンタル・ビルド of configuration Debug for project server ****
make all 
Building file: ../src/get_data.cpp
Invoking: Cross G++ Compiler
g++ -O0 -g3 -Wall -c -fmessage-length=0 -MMD -MP -MF"src/get_data.d" -MT"src/get_data.o" -o "src/get_data.o" "../src/get_data.cpp"
Finished building: ../src/get_data.cpp
 
Building file: ../src/server.cpp
Invoking: Cross G++ Compiler
g++ -O0 -g3 -Wall -c -fmessage-length=0 -MMD -MP -MF"src/server.d" -MT"src/server.o" -o "src/server.o" "../src/server.cpp"
Finished building: ../src/server.cpp
 
Building file: ../src/server_main.cpp
Invoking: Cross G++ Compiler
g++ -O0 -g3 -Wall -c -fmessage-length=0 -MMD -MP -MF"src/server_main.d" -MT"src/server_main.o" -o "src/server_main.o" "../src/server_main.cpp"
Finished building: ../src/server_main.cpp
 
Building target: server
Invoking: Cross G++ Linker
g++ -Lusr/lib -o "server"  ./src/OBB.o ./src/bullet.o ./src/checkObjectHit.o ./src/fps.o ./src/get_data.o ./src/glm.o ./src/map.o ./src/mob.o ./src/object.o ./src/server.o ./src/server_main.o   -lSDL -lpng -lz -lSDL_ttf -lGLU -lglut -lGL -lSDL_image -lSDL_mixer
Finished building target: server
 
15:35:21 **** インクリメンタル・ビルド of configuration Debug for project server ****
make all 
Building file: ../src/bullet.cpp
Invoking: Cross G++ Compiler
g++ -O0 -g3 -Wall -c -fmessage-length=0 -MMD -MP -MF"src/bullet.d" -MT"src/bullet.o" -o "src/bullet.o" "../src/bullet.cpp"
Finished building: ../src/bullet.cpp
 
Building file: ../src/get_data.cpp
Invoking: Cross G++ Compiler
g++ -O0 -g3 -Wall -c -fmessage-length=0 -MMD -MP -MF"src/get_data.d" -MT"src/get_data.o" -o "src/get_data.o" "../src/get_data.cpp"
Finished building: ../src/get_data.cpp
 
Building file: ../src/mob.cpp
Invoking: Cross G++ Compiler
g++ -O0 -g3 -Wall -c -fmessage-length=0 -MMD -MP -MF"src/mob.d" -MT"src/mob.o" -o "src/mob.o" "../src/mob.cpp"
Finished building: ../src/mob.cpp
 
Building file: ../src/object.cpp
Invoking: Cross G++ Compiler
g++ -O0 -g3 -Wall -c -fmessage-length=0 -MMD -MP -MF"src/object.d" -MT"src/object.o" -o "src/object.o" "../src/object.cpp"
../src/object.cpp: メンバ関数 ‘void object::move(float, float, float)’ 内:
../src/object.cpp:303:13: 警告: 使用されない変数 ‘flag’ です [-Wunused-variable]
../src/object.cpp: 大域スコープ:
../src/object.cpp:17:16: 警告: ‘lightpos’ が定義されましたが使用されません [-Wunused-variable]
../src/object.cpp:18:16: 警告: ‘lightDiffuse’ が定義されましたが使用されません [-Wunused-variable]
../src/object.cpp:19:16: 警告: ‘lightAmbient’ が定義されましたが使用されません [-Wunused-variable]
../src/object.cpp:20:16: 警告: ‘lightSpecular’ が定義されましたが使用されません [-Wunused-variable]
Finished building: ../src/object.cpp
 
Building file: ../src/server.cpp
Invoking: Cross G++ Compiler
g++ -O0 -g3 -Wall -c -fmessage-length=0 -MMD -MP -MF"src/server.d" -MT"src/server.o" -o "src/server.o" "../src/server.cpp"
Finished building: ../src/server.cpp
 
Building file: ../src/server_main.cpp
Invoking: Cross G++ Compiler
g++ -O0 -g3 -Wall -c -fmessage-length=0 -MMD -MP -MF"src/server_main.d" -MT"src/server_main.o" -o "src/server_main.o" "../src/server_main.cpp"
Finished building: ../src/server_main.cpp
 
Building target: server
Invoking: Cross G++ Linker
g++ -Lusr/lib -o "server"  ./src/OBB.o ./src/bullet.o ./src/checkObjectHit.o ./src/fps.o ./src/get_data.o ./src/glm.o ./src/map.o ./src/mob.o ./src/object.o ./src/server.o ./src/server_main.o   -lSDL -lpng -lz -lSDL_ttf -lGLU -lglut -lGL -lSDL_image -lSDL_mixer
Finished building target: server
 
15:36:02 **** インクリメンタル・ビルド of configuration Debug for project server ****
make all 
Building file: ../src/bullet.cpp
Invoking: Cross G++ Compiler
g++ -O0 -g3 -Wall -c -fmessage-length=0 -MMD -MP -MF"src/bullet.d" -MT"src/bullet.o" -o "src/bullet.o" "../src/bullet.cpp"
Finished building: ../src/bullet.cpp
 
Building file: ../src/get_data.cpp
Invoking: Cross G++ Compiler
g++ -O0 -g3 -Wall -c -fmessage-length=0 -MMD -MP -MF"src/get_data.d" -MT"src/get_data.o" -o "src/get_data.o" "../src/get_data.cpp"
Finished building: ../src/get_data.cpp
 
Building file: ../src/mob.cpp
Invoking: Cross G++ Compiler
g++ -O0 -g3 -Wall -c -fmessage-length=0 -MMD -MP -MF"src/mob.d" -MT"src/mob.o" -o "src/mob.o" "../src/mob.cpp"
Finished building: ../src/mob.cpp
 
Building file: ../src/object.cpp
Invoking: Cross G++ Compiler
g++ -O0 -g3 -Wall -c -fmessage-length=0 -MMD -MP -MF"src/object.d" -MT"src/object.o" -o "src/object.o" "../src/object.cpp"
../src/object.cpp: メンバ関数 ‘void object::move(float, float, float)’ 内:
../src/object.cpp:303:13: 警告: 使用されない変数 ‘flag’ です [-Wunused-variable]
../src/object.cpp: 大域スコープ:
../src/object.cpp:17:16: 警告: ‘lightpos’ が定義されましたが使用されません [-Wunused-variable]
../src/object.cpp:18:16: 警告: ‘lightDiffuse’ が定義されましたが使用されません [-Wunused-variable]
../src/object.cpp:19:16: 警告: ‘lightAmbient’ が定義されましたが使用されません [-Wunused-variable]
../src/object.cpp:20:16: 警告: ‘lightSpecular’ が定義されましたが使用されません [-Wunused-variable]
Finished building: ../src/object.cpp
 
Building file: ../src/server.cpp
Invoking: Cross G++ Compiler
g++ -O0 -g3 -Wall -c -fmessage-length=0 -MMD -MP -MF"src/server.d" -MT"src/server.o" -o "src/server.o" "../src/server.cpp"
Finished building: ../src/server.cpp
 
Building file: ../src/server_main.cpp
Invoking: Cross G++ Compiler
g++ -O0 -g3 -Wall -c -fmessage-length=0 -MMD -MP -MF"src/server_main.d" -MT"src/server_main.o" -o "src/server_main.o" "../src/server_main.cpp"
Finished building: ../src/server_main.cpp
 
Building target: server
Invoking: Cross G++ Linker
g++ -Lusr/lib -o "server"  ./src/OBB.o ./src/bullet.o ./src/checkObjectHit.o ./src/fps.o ./src/get_data.o ./src/glm.o ./src/map.o ./src/mob.o ./src/object.o ./src/server.o ./src/server_main.o   -lSDL -lpng -lz -lSDL_ttf -lGLU -lglut -lGL -lSDL_image -lSDL_mixer
Finished building target: server
 
15:37:07 **** インクリメンタル・ビルド of configuration Debug for project server ****
make all 
make: 警告: ファイル `makefile' の修正時刻が 0.0038 秒分未来の時刻です
Building file: ../src/get_data.cpp
Invoking: Cross G++ Compiler
g++ -O0 -g3 -Wall -c -fmessage-length=0 -MMD -MP -MF"src/get_data.d" -MT"src/get_data.o" -o "src/get_data.o" "../src/get_data.cpp"
Finished building: ../src/get_data.cpp
 
Building file: ../src/server.cpp
Invoking: Cross G++ Compiler
g++ -O0 -g3 -Wall -c -fmessage-length=0 -MMD -MP -MF"src/server.d" -MT"src/server.o" -o "src/server.o" "../src/server.cpp"
Finished building: ../src/server.cpp
 
Building file: ../src/server_main.cpp
Invoking: Cross G++ Compiler
g++ -O0 -g3 -Wall -c -fmessage-length=0 -MMD -MP -MF"src/server_main.d" -MT"src/server_main.o" -o "src/server_main.o" "../src/server_main.cpp"
Finished building: ../src/server_main.cpp
 
Building target: server
Invoking: Cross G++ Linker
g++ -Lusr/lib -o "server"  ./src/OBB.o ./src/bullet.o ./src/checkObjectHit.o ./src/fps.o ./src/get_data.o ./src/glm.o ./src/map.o ./src/mob.o ./src/object.o ./src/server.o ./src/server_main.o   -lSDL -lpng -lz -lSDL_ttf -lGLU -lglut -lGL -lSDL_image -lSDL_mixer
Finished building target: server
 
make: 警告:  時刻のずれを検出. 不完全なビルド結果になるかもしれません.
15:37:47 **** インクリメンタル・ビルド of configuration Debug for project server ****
make all 
Building file: ../src/get_data.cpp
Invoking: Cross G++ Compiler
g++ -O0 -g3 -Wall -c -fmessage-length=0 -MMD -MP -MF"src/get_data.d" -MT"src/get_data.o" -o "src/get_data.o" "../src/get_data.cpp"
Finished building: ../src/get_data.cpp
 
Building file: ../src/server.cpp
Invoking: Cross G++ Compiler
g++ -O0 -g3 -Wall -c -fmessage-length=0 -MMD -MP -MF"src/server.d" -MT"src/server.o" -o "src/server.o" "../src/server.cpp"
Finished building: ../src/server.cpp
 
Building file: ../src/server_main.cpp
Invoking: Cross G++ Compiler
g++ -O0 -g3 -Wall -c -fmessage-length=0 -MMD -MP -MF"src/server_main.d" -MT"src/server_main.o" -o "src/server_main.o" "../src/server_main.cpp"
Finished building: ../src/server_main.cpp
 
Building target: server
Invoking: Cross G++ Linker
g++ -Lusr/lib -o "server"  ./src/OBB.o ./src/bullet.o ./src/checkObjectHit.o ./src/fps.o ./src/get_data.o ./src/glm.o ./src/map.o ./src/mob.o ./src/object.o ./src/server.o ./src/server_main.o   -lSDL -lpng -lz -lSDL_ttf -lGLU -lglut -lGL -lSDL_image -lSDL_mixer
Finished building target: server
 
15:38:05 **** インクリメンタル・ビルド of configuration Debug for project server ****
make all 
Building file: ../src/get_data.cpp
Invoking: Cross G++ Compiler
g++ -O0 -g3 -Wall -c -fmessage-length=0 -MMD -MP -MF"src/get_data.d" -MT"src/get_data.o" -o "src/get_data.o" "../src/get_data.cpp"
Finished building: ../src/get_data.cpp
 
Building file: ../src/server.cpp
Invoking: Cross G++ Compiler
g++ -O0 -g3 -Wall -c -fmessage-length=0 -MMD -MP -MF"src/server.d" -MT"src/server.o" -o "src/server.o" "../src/server.cpp"
Finished building: ../src/server.cpp
 
Building file: ../src/server_main.cpp
Invoking: Cross G++ Compiler
g++ -O0 -g3 -Wall -c -fmessage-length=0 -MMD -MP -MF"src/server_main.d" -MT"src/server_main.o" -o "src/server_main.o" "../src/server_main.cpp"
Finished building: ../src/server_main.cpp
 
Building target: server
Invoking: Cross G++ Linker
g++ -Lusr/lib -o "server"  ./src/OBB.o ./src/bullet.o ./src/checkObjectHit.o ./src/fps.o ./src/get_data.o ./src/glm.o ./src/map.o ./src/mob.o ./src/object.o ./src/server.o ./src/server_main.o   -lSDL -lpng -lz -lSDL_ttf -lGLU -lglut -lGL -lSDL_image -lSDL_mixer
Finished building target: server
 
15:39:05 **** インクリメンタル・ビルド of configuration Debug for project server ****
make all 
Building file: ../src/get_data.cpp
Invoking: Cross G++ Compiler
g++ -O0 -g3 -Wall -c -fmessage-length=0 -MMD -MP -MF"src/get_data.d" -MT"src/get_data.o" -o "src/get_data.o" "../src/get_data.cpp"
Finished building: ../src/get_data.cpp
 
Building file: ../src/server.cpp
Invoking: Cross G++ Compiler
g++ -O0 -g3 -Wall -c -fmessage-length=0 -MMD -MP -MF"src/server.d" -MT"src/server.o" -o "src/server.o" "../src/server.cpp"
Finished building: ../src/server.cpp
 
Building file: ../src/server_main.cpp
Invoking: Cross G++ Compiler
g++ -O0 -g3 -Wall -c -fmessage-length=0 -MMD -MP -MF"src/server_main.d" -MT"src/server_main.o" -o "src/server_main.o" "../src/server_main.cpp"
Finished building: ../src/server_main.cpp
 
Building target: server
Invoking: Cross G++ Linker
g++ -Lusr/lib -o "server"  ./src/OBB.o ./src/bullet.o ./src/checkObjectHit.o ./src/fps.o ./src/get_data.o ./src/glm.o ./src/map.o ./src/mob.o ./src/object.o ./src/server.o ./src/server_main.o   -lSDL -lpng -lz -lSDL_ttf -lGLU -lglut -lGL -lSDL_image -lSDL_mixer
Finished building target: server
 
16:05:01 **** インクリメンタル・ビルド of configuration Debug for project server ****
make all 
Building file: ../src/get_data.cpp
Invoking: Cross G++ Compiler
g++ -O0 -g3 -Wall -c -fmessage-length=0 -MMD -MP -MF"src/get_data.d" -MT"src/get_data.o" -o "src/get_data.o" "../src/get_data.cpp"
Finished building: ../src/get_data.cpp
 
Building file: ../src/server.cpp
Invoking: Cross G++ Compiler
g++ -O0 -g3 -Wall -c -fmessage-length=0 -MMD -MP -MF"src/server.d" -MT"src/server.o" -o "src/server.o" "../src/server.cpp"
Finished building: ../src/server.cpp
 
Building file: ../src/server_main.cpp
Invoking: Cross G++ Compiler
g++ -O0 -g3 -Wall -c -fmessage-length=0 -MMD -MP -MF"src/server_main.d" -MT"src/server_main.o" -o "src/server_main.o" "../src/server_main.cpp"
Finished building: ../src/server_main.cpp
 
Building target: server
Invoking: Cross G++ Linker
g++ -Lusr/lib -o "server"  ./src/OBB.o ./src/bullet.o ./src/checkObjectHit.o ./src/fps.o ./src/get_data.o ./src/glm.o ./src/map.o ./src/mob.o ./src/object.o ./src/server.o ./src/server_main.o   -lSDL -lpng -lz -lSDL_ttf -lGLU -lglut -lGL -lSDL_image -lSDL_mixer
Finished building target: server
 
18:19:31 **** インクリメンタル・ビルド of configuration Debug for project server ****
make all 
make: `all' に対して行うべき事はありません.
